This is pdfTeX, Version 3.141592653-2.6-1.40.25 (MiKTeX 23.5 NEXT) (preloaded format=pdflatex 2023.6.19)  21 JAN 2024 13:56
entering extended mode
 restricted \write18 enabled.
 %&-line parsing enabled.
**"./Template Disertasi-Tesis-Proposal Elektro ITS.tex"
(Template Disertasi-Tesis-Proposal Elektro ITS.tex
LaTeX2e <2023-06-01>
L3 programming layer <2023-06-05>
(C:\Users\ramad\AppData\Local\Programs\MiKTeX\tex/latex/base\report.cls
Document Class: report 2023/05/17 v1.4n Standard LaTeX document class
(C:\Users\ramad\AppData\Local\Programs\MiKTeX\tex/latex/base\size12.clo
File: size12.clo 2023/05/17 v1.4n Standard LaTeX file (size option)
)
\c@part=\count185
\c@chapter=\count186
\c@section=\count187
\c@subsection=\count188
\c@subsubsection=\count189
\c@paragraph=\count190
\c@subparagraph=\count191
\c@figure=\count192
\c@table=\count193
\abovecaptionskip=\skip48
\belowcaptionskip=\skip49
\bibindent=\dimen140
)
(lib/init.tex
(C:\Users\ramad\AppData\Local\Programs\MiKTeX\tex/generic/babel\babel.sty
Package: babel 2023/05/11 v3.89 The Babel package
\babel@savecnt=\count194
\U@D=\dimen141
\l@unhyphenated=\language79

(C:\Users\ramad\AppData\Local\Programs\MiKTeX\tex/generic/babel\txtbabel.def)
\bbl@readstream=\read2
\bbl@dirlevel=\count195

*************************************
* Local config file bblopts.cfg used
*
(C:\Users\ramad\AppData\Local\Programs\MiKTeX\tex/latex/arabi\bblopts.cfg
File: bblopts.cfg 2005/09/08 v0.1 add Arabic and Farsi to "declared" options of
 babel
)
(C:\Users\ramad\AppData\Local\Programs\MiKTeX\tex/latex/babel-indonesian\bahasa
.ldf
Language: bahasa 2017/02/15 v1.0m Bahasa Indonesia support from the babel syste
m

(C:\Users\ramad\AppData\Local\Programs\MiKTeX\tex/latex/babel-indonesian\indone
sian.ldf
Language: indonesian 2017/02/15 v1.0m Bahasa Indonesia support from the babel s
ystem
))
(C:\Users\ramad\AppData\Local\Programs\MiKTeX\tex/latex/babel-indonesian\indone
sian.ldf
Language: indonesian 2017/02/15 v1.0m Bahasa Indonesia support from the babel s
ystem
))
(C:\Users\ramad\AppData\Local\Programs\MiKTeX\tex/generic/babel/locale/id\babel
-indonesian.tex
Package babel Info: Importing font and identification data for indonesian
(babel)             from babel-id.ini. Reported on input line 11.
)
(C:\Users\ramad\AppData\Local\Programs\MiKTeX\tex/latex/hyperref\hyperref.sty
Package: hyperref 2023-05-16 v7.00y Hypertext links for LaTeX

(C:\Users\ramad\AppData\Local\Programs\MiKTeX\tex/generic/ltxcmds\ltxcmds.sty
Package: ltxcmds 2020-05-10 v1.25 LaTeX kernel commands for general use (HO)
)
(C:\Users\ramad\AppData\Local\Programs\MiKTeX\tex/generic/iftex\iftex.sty
Package: iftex 2022/02/03 v1.0f TeX engine tests
)
(C:\Users\ramad\AppData\Local\Programs\MiKTeX\tex/generic/pdftexcmds\pdftexcmds
.sty
Package: pdftexcmds 2020-06-27 v0.33 Utility functions of pdfTeX for LuaTeX (HO
)

(C:\Users\ramad\AppData\Local\Programs\MiKTeX\tex/generic/infwarerr\infwarerr.s
ty
Package: infwarerr 2019/12/03 v1.5 Providing info/warning/error messages (HO)
)
Package pdftexcmds Info: \pdf@primitive is available.
Package pdftexcmds Info: \pdf@ifprimitive is available.
Package pdftexcmds Info: \pdfdraftmode found.
)
(C:\Users\ramad\AppData\Local\Programs\MiKTeX\tex/latex/graphics\keyval.sty
Package: keyval 2022/05/29 v1.15 key=value parser (DPC)
\KV@toks@=\toks17
)
(C:\Users\ramad\AppData\Local\Programs\MiKTeX\tex/latex/kvsetkeys\kvsetkeys.sty
Package: kvsetkeys 2022-10-05 v1.19 Key value parser (HO)
)
(C:\Users\ramad\AppData\Local\Programs\MiKTeX\tex/generic/kvdefinekeys\kvdefine
keys.sty
Package: kvdefinekeys 2019-12-19 v1.6 Define keys (HO)
)
(C:\Users\ramad\AppData\Local\Programs\MiKTeX\tex/generic/pdfescape\pdfescape.s
ty
Package: pdfescape 2019/12/09 v1.15 Implements pdfTeX's escape features (HO)
) (C:\Users\ramad\AppData\Local\Programs\MiKTeX\tex/latex/hycolor\hycolor.sty
Package: hycolor 2020-01-27 v1.10 Color options for hyperref/bookmark (HO)
)
(C:\Users\ramad\AppData\Local\Programs\MiKTeX\tex/latex/letltxmacro\letltxmacro
.sty
Package: letltxmacro 2019/12/03 v1.6 Let assignment for LaTeX macros (HO)
)
(C:\Users\ramad\AppData\Local\Programs\MiKTeX\tex/latex/auxhook\auxhook.sty
Package: auxhook 2019-12-17 v1.6 Hooks for auxiliary files (HO)
)
(C:\Users\ramad\AppData\Local\Programs\MiKTeX\tex/latex/hyperref\nameref.sty
Package: nameref 2023-05-16 v2.51 Cross-referencing by name of section

(C:\Users\ramad\AppData\Local\Programs\MiKTeX\tex/latex/refcount\refcount.sty
Package: refcount 2019/12/15 v3.6 Data extraction from label references (HO)
)
(C:\Users\ramad\AppData\Local\Programs\MiKTeX\tex/generic/gettitlestring\gettit
lestring.sty
Package: gettitlestring 2019/12/15 v1.6 Cleanup title references (HO)

(C:\Users\ramad\AppData\Local\Programs\MiKTeX\tex/latex/kvoptions\kvoptions.sty
Package: kvoptions 2022-06-15 v3.15 Key value format for package options (HO)
))
\c@section@level=\count196
)
(C:\Users\ramad\AppData\Local\Programs\MiKTeX\tex/latex/etoolbox\etoolbox.sty
Package: etoolbox 2020/10/05 v2.5k e-TeX tools for LaTeX (JAW)
\etb@tempcnta=\count197
)
\@linkdim=\dimen142
\Hy@linkcounter=\count198
\Hy@pagecounter=\count199

(C:\Users\ramad\AppData\Local\Programs\MiKTeX\tex/latex/hyperref\pd1enc.def
File: pd1enc.def 2023-05-16 v7.00y Hyperref: PDFDocEncoding definition (HO)
Now handling font encoding PD1 ...
... no UTF-8 mapping file for font encoding PD1
)
(C:\Users\ramad\AppData\Local\Programs\MiKTeX\tex/generic/intcalc\intcalc.sty
Package: intcalc 2019/12/15 v1.3 Expandable calculations with integers (HO)
)
\Hy@SavedSpaceFactor=\count266

(C:\Users\ramad\AppData\Local\Programs\MiKTeX\tex/latex/hyperref\puenc.def
File: puenc.def 2023-05-16 v7.00y Hyperref: PDF Unicode definition (HO)
Now handling font encoding PU ...
... no UTF-8 mapping file for font encoding PU
)
Package hyperref Info: Option `bookmarksnumbered' set `true' on input line 4050
.
Package hyperref Info: Hyper figures OFF on input line 4167.
Package hyperref Info: Link nesting OFF on input line 4172.
Package hyperref Info: Hyper index ON on input line 4175.
Package hyperref Info: Plain pages OFF on input line 4182.
Package hyperref Info: Backreferencing OFF on input line 4187.
Package hyperref Info: Implicit mode ON; LaTeX internals redefined.
Package hyperref Info: Bookmarks ON on input line 4434.
\c@Hy@tempcnt=\count267

(C:\Users\ramad\AppData\Local\Programs\MiKTeX\tex/latex/url\url.sty
\Urlmuskip=\muskip16
Package: url 2013/09/16  ver 3.4  Verb mode for urls, etc.
)
LaTeX Info: Redefining \url on input line 4772.
\XeTeXLinkMargin=\dimen143

(C:\Users\ramad\AppData\Local\Programs\MiKTeX\tex/generic/bitset\bitset.sty
Package: bitset 2019/12/09 v1.3 Handle bit-vector datatype (HO)

(C:\Users\ramad\AppData\Local\Programs\MiKTeX\tex/generic/bigintcalc\bigintcalc
.sty
Package: bigintcalc 2019/12/15 v1.5 Expandable calculations on big integers (HO
)
))
\Fld@menulength=\count268
\Field@Width=\dimen144
\Fld@charsize=\dimen145
Package hyperref Info: Hyper figures OFF on input line 6051.
Package hyperref Info: Link nesting OFF on input line 6056.
Package hyperref Info: Hyper index ON on input line 6059.
Package hyperref Info: backreferencing OFF on input line 6066.
Package hyperref Info: Link coloring OFF on input line 6071.
Package hyperref Info: Link coloring with OCG OFF on input line 6076.
Package hyperref Info: PDF/A mode OFF on input line 6081.

(C:\Users\ramad\AppData\Local\Programs\MiKTeX\tex/latex/base\atbegshi-ltx.sty
Package: atbegshi-ltx 2021/01/10 v1.0c Emulation of the original atbegshi
package with kernel methods
)
\Hy@abspage=\count269
\c@Item=\count270
\c@Hfootnote=\count271
)
Package hyperref Info: Driver (autodetected): hpdftex.
(C:\Users\ramad\AppData\Local\Programs\MiKTeX\tex/latex/hyperref\hpdftex.def
File: hpdftex.def 2023-05-16 v7.00y Hyperref driver for pdfTeX

(C:\Users\ramad\AppData\Local\Programs\MiKTeX\tex/latex/base\atveryend-ltx.sty
Package: atveryend-ltx 2020/08/19 v1.0a Emulation of the original atveryend pac
kage
with kernel methods
)
\Fld@listcount=\count272
\c@bookmark@seq@number=\count273

(C:\Users\ramad\AppData\Local\Programs\MiKTeX\tex/latex/rerunfilecheck\rerunfil
echeck.sty
Package: rerunfilecheck 2022-07-10 v1.10 Rerun checks for auxiliary files (HO)

(C:\Users\ramad\AppData\Local\Programs\MiKTeX\tex/generic/uniquecounter\uniquec
ounter.sty
Package: uniquecounter 2019/12/15 v1.4 Provide unlimited unique counter (HO)
)
Package uniquecounter Info: New unique counter `rerunfilecheck' on input line 2
85.
)
\Hy@SectionHShift=\skip50
)
(C:\Users\ramad\AppData\Local\Programs\MiKTeX\tex/latex/algorithm2e\algorithm2e
.sty
Package: algorithm2e 2017/07/18 v5.2 algorithms environments
\c@AlgoLine=\count274
 (C:\Users\ramad\AppData\Local\Programs\MiKTeX\tex/latex/base\ifthen.sty
Package: ifthen 2022/04/13 v1.1d Standard LaTeX ifthen package (DPC)
)
\algocf@hangindent=\skip51

(C:\Users\ramad\AppData\Local\Programs\MiKTeX\tex/latex/ifoddpage\ifoddpage.sty
Package: ifoddpage 2022/10/18 v1.2 Conditionals for odd/even page detection
\c@checkoddpage=\count275
) (C:\Users\ramad\AppData\Local\Programs\MiKTeX\tex/latex/tools\xspace.sty
Package: xspace 2014/10/28 v1.13 Space after command names (DPC,MH)
)
(C:\Users\ramad\AppData\Local\Programs\MiKTeX\tex/latex/relsize\relsize.sty
Package: relsize 2013/03/29 ver 4.1
)
\skiptotal=\skip52
\skiplinenumber=\skip53
\skiprule=\skip54
\skiphlne=\skip55
\skiptext=\skip56
\skiplength=\skip57
\algomargin=\skip58
\skipalgocfslide=\skip59
\algowidth=\dimen146
\inoutsize=\dimen147
\inoutindent=\dimen148
\interspacetitleruled=\dimen149
\interspacealgoruled=\dimen150
\interspacetitleboxruled=\dimen151
\algocf@ruledwidth=\skip60
\algocf@inoutbox=\box51
\algocf@inputbox=\box52
\AlCapSkip=\skip61
\AlCapHSkip=\skip62
\algoskipindent=\skip63
\algocf@nlbox=\box53
\algocf@hangingbox=\box54
\algocf@untilbox=\box55
\algocf@skipuntil=\skip64
\algocf@capbox=\box56
\algocf@lcaptionbox=\skip65
\algoheightruledefault=\skip66
\algoheightrule=\skip67
\algotitleheightruledefault=\skip68
\algotitleheightrule=\skip69
\c@algocfline=\count276
\c@algocfproc=\count277
\c@algocf=\count278
\algocf@algoframe=\box57
\algocf@algobox=\box58
)
(C:\Users\ramad\AppData\Local\Programs\MiKTeX\tex/latex/base\inputenc.sty
Package: inputenc 2021/02/14 v1.3d Input encoding file
\inpenc@prehook=\toks18
\inpenc@posthook=\toks19
)
(C:\Users\ramad\AppData\Local\Programs\MiKTeX\tex/latex/graphics\graphicx.sty
Package: graphicx 2021/09/16 v1.2d Enhanced LaTeX Graphics (DPC,SPQR)

(C:\Users\ramad\AppData\Local\Programs\MiKTeX\tex/latex/graphics\graphics.sty
Package: graphics 2022/03/10 v1.4e Standard LaTeX Graphics (DPC,SPQR)

(C:\Users\ramad\AppData\Local\Programs\MiKTeX\tex/latex/graphics\trig.sty
Package: trig 2021/08/11 v1.11 sin cos tan (DPC)
)
(C:\Users\ramad\AppData\Local\Programs\MiKTeX\tex/latex/graphics-cfg\graphics.c
fg
File: graphics.cfg 2016/06/04 v1.11 sample graphics configuration
)
Package graphics Info: Driver file: pdftex.def on input line 107.

(C:\Users\ramad\AppData\Local\Programs\MiKTeX\tex/latex/graphics-def\pdftex.def
File: pdftex.def 2022/09/22 v1.2b Graphics/color driver for pdftex
))
\Gin@req@height=\dimen152
\Gin@req@width=\dimen153
) (C:\Users\ramad\AppData\Local\Programs\MiKTeX\tex/latex/lipsum\lipsum.sty
(C:\Users\ramad\AppData\Local\Programs\MiKTeX\tex/latex/l3packages/l3keys2e\l3k
eys2e.sty
(C:\Users\ramad\AppData\Local\Programs\MiKTeX\tex/latex/l3kernel\expl3.sty
Package: expl3 2023-06-05 L3 programming layer (loader) 

(C:\Users\ramad\AppData\Local\Programs\MiKTeX\tex/latex/l3backend\l3backend-pdf
tex.def
File: l3backend-pdftex.def 2023-04-19 L3 backend support: PDF output (pdfTeX)
\l__color_backend_stack_int=\count279
\l__pdf_internal_box=\box59
))
Package: l3keys2e 2023-02-02 LaTeX2e option processing using LaTeX3 keys
)
Package: lipsum 2021-09-20 v2.7 150 paragraphs of Lorem Ipsum dummy text
\g__lipsum_par_int=\count280
\l__lipsum_a_int=\count281
\l__lipsum_b_int=\count282

(C:\Users\ramad\AppData\Local\Programs\MiKTeX\tex/latex/lipsum\lipsum.ltd.tex))
(C:\Users\ramad\AppData\Local\Programs\MiKTeX\tex/latex/hyphenat\hyphenat.sty
Package: hyphenat 2009/09/02 v2.3c hyphenation utilities
\langwohyphens=\language80
LaTeX Info: Redefining \_ on input line 43.
)
(C:\Users\ramad\AppData\Local\Programs\MiKTeX\tex/latex/graphics\rotating.sty
Package: rotating 2016/08/11 v2.16d rotated objects in LaTeX
\c@r@tfl@t=\count283
\rotFPtop=\skip70
\rotFPbot=\skip71
\rot@float@box=\box60
\rot@mess@toks=\toks20
)
(C:\Users\ramad\AppData\Local\Programs\MiKTeX\tex/latex/booktabs\booktabs.sty
Package: booktabs 2020/01/12 v1.61803398 Publication quality tables
\heavyrulewidth=\dimen154
\lightrulewidth=\dimen155
\cmidrulewidth=\dimen156
\belowrulesep=\dimen157
\belowbottomsep=\dimen158
\aboverulesep=\dimen159
\abovetopsep=\dimen160
\cmidrulesep=\dimen161
\cmidrulekern=\dimen162
\defaultaddspace=\dimen163
\@cmidla=\count284
\@cmidlb=\count285
\@aboverulesep=\dimen164
\@belowrulesep=\dimen165
\@thisruleclass=\count286
\@lastruleclass=\count287
\@thisrulewidth=\dimen166
)
(C:\Users\ramad\AppData\Local\Programs\MiKTeX\tex/latex/graphics\lscape.sty
Package: lscape 2020/05/28 v3.02 Landscape Pages (DPC)
)
(C:\Users\ramad\AppData\Local\Programs\MiKTeX\tex/latex/algorithmicx\algpseudoc
ode.sty
Package: algpseudocode 

(C:\Users\ramad\AppData\Local\Programs\MiKTeX\tex/latex/algorithmicx\algorithmi
cx.sty
Package: algorithmicx 2005/04/27 v1.2 Algorithmicx

Document Style algorithmicx 1.2 - a greatly improved `algorithmic' style
\c@ALG@line=\count288
\c@ALG@rem=\count289
\c@ALG@nested=\count290
\ALG@tlm=\skip72
\ALG@thistlm=\skip73
\c@ALG@Lnr=\count291
\c@ALG@blocknr=\count292
\c@ALG@storecount=\count293
\c@ALG@tmpcounter=\count294
\ALG@tmplength=\skip74
)
Document Style - pseudocode environments for use with the `algorithmicx' style
) (C:\Users\ramad\AppData\Local\Programs\MiKTeX\tex/latex/base\makeidx.sty
Package: makeidx 2021/10/04 v1.0m Standard LaTeX package
)
\@indexfile=\write3
\openout3 = `"Template Disertasi-Tesis-Proposal Elektro ITS.idx"'.


Writing index file "Template Disertasi-Tesis-Proposal Elektro ITS".idx
(C:\Users\ramad\AppData\Local\Programs\MiKTeX\tex/latex/graphics\epsfig.sty
Package: epsfig 2017/06/25 v1.7b (e)psfig emulation (SPQR)
\epsfxsize=\dimen167
\epsfysize=\dimen168
)
(C:\Users\ramad\AppData\Local\Programs\MiKTeX\tex/latex/subfig\subfig.sty
Package: subfig 2005/06/28 ver: 1.3 subfig package

(C:\Users\ramad\AppData\Local\Programs\MiKTeX\tex/latex/caption\caption.sty
Package: caption 2023/03/12 v3.6j Customizing captions (AR)

(C:\Users\ramad\AppData\Local\Programs\MiKTeX\tex/latex/caption\caption3.sty
Package: caption3 2023/03/12 v2.4 caption3 kernel (AR)
\caption@tempdima=\dimen169
\captionmargin=\dimen170
\caption@leftmargin=\dimen171
\caption@rightmargin=\dimen172
\caption@width=\dimen173
\caption@indent=\dimen174
\caption@parindent=\dimen175
\caption@hangindent=\dimen176
Package caption Info: Standard document class detected.
)
\c@caption@flags=\count295
\c@continuedfloat=\count296
Package caption Info: hyperref package is loaded.
Package caption Info: rotating package is loaded.
)
\c@KVtest=\count297
\sf@farskip=\skip75
\sf@captopadj=\dimen177
\sf@capskip=\skip76
\sf@nearskip=\skip77
\c@subfigure=\count298
\c@subfigure@save=\count299
\c@lofdepth=\count300
\c@subtable=\count301
\c@subtable@save=\count302
\c@lotdepth=\count303
\sf@top=\skip78
\sf@bottom=\skip79
)
(C:\Users\ramad\AppData\Local\Programs\MiKTeX\tex/latex/pdflscape\pdflscape.sty
Package: pdflscape 2022-10-27 v0.13 Display of landscape pages in PDF

(C:\Users\ramad\AppData\Local\Programs\MiKTeX\tex/latex/pdflscape\pdflscape-nom
etadata.sty
Package: pdflscape-nometadata 2022-10-28 v0.13 Display of landscape pages in PD
F (HO)
Package pdflscape Info: Auto-detected driver: pdftex on input line 81.
))
(C:\Users\ramad\AppData\Local\Programs\MiKTeX\tex/latex/setspace\setspace.sty
Package: setspace 2022/12/04 v6.7b set line spacing
)
(C:\Users\ramad\AppData\Local\Programs\MiKTeX\tex/latex/type1cm\type1cm.sty
Package: type1cm 2002/09/05 v0.04 BlueSky/Y&Y Type1 CM font definitions (DPC, p
atched RF)
)
(C:\Users\ramad\AppData\Local\Programs\MiKTeX\tex/latex/tools\longtable.sty
Package: longtable 2021-09-01 v4.17 Multi-page Table package (DPC)
\LTleft=\skip80
\LTright=\skip81
\LTpre=\skip82
\LTpost=\skip83
\LTchunksize=\count304
\LTcapwidth=\dimen178
\LT@head=\box61
\LT@firsthead=\box62
\LT@foot=\box63
\LT@lastfoot=\box64
\LT@gbox=\box65
\LT@cols=\count305
\LT@rows=\count306
\c@LT@tables=\count307
\c@LT@chunks=\count308
\LT@p@ftn=\toks21
)
(C:\Users\ramad\AppData\Local\Programs\MiKTeX\tex/latex/lettrine\lettrine.sty
File: lettrine.sty 2023-04-18 v2.40 (Daniel Flipo)

(C:\Users\ramad\AppData\Local\Programs\MiKTeX\tex/latex/l3packages/xfp\xfp.sty
Package: xfp 2023-02-02 L3 Floating point unit
)
\c@DefaultLines=\count309
\c@DefaultDepth=\count310
\DefaultFindent=\dimen179
\DefaultNindent=\dimen180
\DefaultSlope=\dimen181
\DiscardVskip=\dimen182
\L@lbox=\box66
\L@tbox=\box67
\c@L@lines=\count311
\c@L@depth=\count312
\L@Pindent=\dimen183
\L@Findent=\dimen184
\L@Nindent=\dimen185
\L@lraise=\dimen186
\L@first=\dimen187
\L@next=\dimen188
\L@slope=\dimen189
\L@height=\dimen190
\L@novskip=\dimen191
\L@target@ht=\dimen192
\L@target@dp=\dimen193
\L@target@tht=\dimen194
\LettrineWidth=\dimen195
\LettrineHeight=\dimen196
\LettrineDepth=\dimen197
Loading lettrine.cfg
(C:\Users\ramad\AppData\Local\Programs\MiKTeX\tex/latex/lettrine\lettrine.cfg)
\Llist@everypar=\toks22
) (C:\Users\ramad\AppData\Local\Programs\MiKTeX\tex/latex/hyperref\backref.sty
Package: backref 2023/04/20 v1.42 Bibliographical back referencing
)
(C:\Users\ramad\AppData\Local\Programs\MiKTeX\tex/latex/multirow\multirow.sty
Package: multirow 2021/03/15 v2.8 Span multiple rows of a table
\multirow@colwidth=\skip84
\multirow@cntb=\count313
\multirow@dima=\skip85
\bigstrutjot=\dimen198
)
(C:\Users\ramad\AppData\Local\Programs\MiKTeX\tex/latex/xcolor\xcolor.sty
Package: xcolor 2022/06/12 v2.14 LaTeX color extensions (UK)

(C:\Users\ramad\AppData\Local\Programs\MiKTeX\tex/latex/graphics-cfg\color.cfg
File: color.cfg 2016/01/02 v1.6 sample color configuration
)
Package xcolor Info: Driver file: pdftex.def on input line 227.
(C:\Users\ramad\AppData\Local\Programs\MiKTeX\tex/latex/colortbl\colortbl.sty
Package: colortbl 2022/06/20 v1.0f Color table columns (DPC)

(C:\Users\ramad\AppData\Local\Programs\MiKTeX\tex/latex/tools\array.sty
Package: array 2022/09/04 v2.5g Tabular extension package (FMi)
\col@sep=\dimen199
\ar@mcellbox=\box68
\extrarowheight=\dimen256
\NC@list=\toks23
\extratabsurround=\skip86
\backup@length=\skip87
\ar@cellbox=\box69
)
\everycr=\toks24
\minrowclearance=\skip88
\rownum=\count314
)
(C:\Users\ramad\AppData\Local\Programs\MiKTeX\tex/latex/graphics\mathcolor.ltx)
Package xcolor Info: Model `cmy' substituted by `cmy0' on input line 1353.
Package xcolor Info: Model `hsb' substituted by `rgb' on input line 1357.
Package xcolor Info: Model `RGB' extended on input line 1369.
Package xcolor Info: Model `HTML' substituted by `rgb' on input line 1371.
Package xcolor Info: Model `Hsb' substituted by `hsb' on input line 1372.
Package xcolor Info: Model `tHsb' substituted by `hsb' on input line 1373.
Package xcolor Info: Model `HSB' substituted by `hsb' on input line 1374.
Package xcolor Info: Model `Gray' substituted by `gray' on input line 1375.
Package xcolor Info: Model `wave' substituted by `hsb' on input line 1376.
) (C:\Users\ramad\AppData\Local\Programs\MiKTeX\tex/latex/eso-pic\eso-pic.sty
Package: eso-pic 2023/05/03 v3.0c eso-pic (RN)
\ESO@tempdima=\dimen257
\ESO@tempdimb=\dimen258
)
(C:\Users\ramad\AppData\Local\Programs\MiKTeX\tex/latex/caption\subcaption.sty
Package: subcaption 2023/02/19 v1.6 Sub-captions (AR)
LaTeX Info: Redefining \subref on input line 191.
Package subcaption Info: The counter `subfigure' was already defined by
(subcaption)             \newsubfloat (offered by the subfig package) on input 
line 239.
Package subcaption Info: The counter `subtable' was already defined by
(subcaption)             \newsubfloat (offered by the subfig package) on input 
line 239.
) (C:\Users\ramad\AppData\Local\Programs\MiKTeX\tex/latex/fancyhdr\fancyhdr.sty
Package: fancyhdr 2022/11/09 v4.1 Extensive control of page headers and footers

\f@nch@headwidth=\skip89
\f@nch@O@elh=\skip90
\f@nch@O@erh=\skip91
\f@nch@O@olh=\skip92
\f@nch@O@orh=\skip93
\f@nch@O@elf=\skip94
\f@nch@O@erf=\skip95
\f@nch@O@olf=\skip96
\f@nch@O@orf=\skip97
) (C:\Users\ramad\AppData\Local\Programs\MiKTeX\tex/latex/float\float.sty
Package: float 2001/11/08 v1.3d Float enhancements (AL)
\c@float@type=\count315
\float@exts=\toks25
\float@box=\box70
\@float@everytoks=\toks26
\@floatcapt=\box71
)
(C:\Users\ramad\AppData\Local\Programs\MiKTeX\tex/latex/morefloats\morefloats.s
ty
Package: morefloats 2015/07/22 v1.0h Raise limit of unprocessed floats (HMM)
Package morefloats Info: Maximum number of possible floats asked for: 36
(morefloats)             (i.e. 18 more floats).
(morefloats)             LaTeX might run out of memory before this
(morefloats)             (in which case it will notify you).
)
\@float@every@program=\toks27
\c@program=\count316
 (C:\Users\ramad\AppData\Local\Programs\MiKTeX\tex/latex/amsmath\amsmath.sty
Package: amsmath 2023/05/13 v2.17o AMS math features
\@mathmargin=\skip98
For additional information on amsmath, use the `?' option.
(C:\Users\ramad\AppData\Local\Programs\MiKTeX\tex/latex/amsmath\amstext.sty
Package: amstext 2021/08/26 v2.01 AMS text

(C:\Users\ramad\AppData\Local\Programs\MiKTeX\tex/latex/amsmath\amsgen.sty
File: amsgen.sty 1999/11/30 v2.0 generic functions
\@emptytoks=\toks28
\ex@=\dimen259
))
(C:\Users\ramad\AppData\Local\Programs\MiKTeX\tex/latex/amsmath\amsbsy.sty
Package: amsbsy 1999/11/29 v1.2d Bold Symbols
\pmbraise@=\dimen260
)
(C:\Users\ramad\AppData\Local\Programs\MiKTeX\tex/latex/amsmath\amsopn.sty
Package: amsopn 2022/04/08 v2.04 operator names
)
\inf@bad=\count317
LaTeX Info: Redefining \frac on input line 234.
\uproot@=\count318
\leftroot@=\count319
LaTeX Info: Redefining \overline on input line 399.
LaTeX Info: Redefining \colon on input line 410.
\classnum@=\count320
\DOTSCASE@=\count321
LaTeX Info: Redefining \ldots on input line 496.
LaTeX Info: Redefining \dots on input line 499.
LaTeX Info: Redefining \cdots on input line 620.
\Mathstrutbox@=\box72
\strutbox@=\box73
LaTeX Info: Redefining \big on input line 722.
LaTeX Info: Redefining \Big on input line 723.
LaTeX Info: Redefining \bigg on input line 724.
LaTeX Info: Redefining \Bigg on input line 725.
\big@size=\dimen261
LaTeX Font Info:    Redeclaring font encoding OML on input line 743.
LaTeX Font Info:    Redeclaring font encoding OMS on input line 744.
\macc@depth=\count322
LaTeX Info: Redefining \bmod on input line 905.
LaTeX Info: Redefining \pmod on input line 910.
LaTeX Info: Redefining \smash on input line 940.
LaTeX Info: Redefining \relbar on input line 970.
LaTeX Info: Redefining \Relbar on input line 971.
\c@MaxMatrixCols=\count323
\dotsspace@=\muskip17
\c@parentequation=\count324
\dspbrk@lvl=\count325
\tag@help=\toks29
\row@=\count326
\column@=\count327
\maxfields@=\count328
\andhelp@=\toks30
\eqnshift@=\dimen262
\alignsep@=\dimen263
\tagshift@=\dimen264
\tagwidth@=\dimen265
\totwidth@=\dimen266
\lineht@=\dimen267
\@envbody=\toks31
\multlinegap=\skip99
\multlinetaggap=\skip100
\mathdisplay@stack=\toks32
LaTeX Info: Redefining \[ on input line 2953.
LaTeX Info: Redefining \] on input line 2954.
)
(C:\Users\ramad\AppData\Local\Programs\MiKTeX\tex/latex/ncctools\nccmath.sty
Package: nccmath 2006/01/20 v1.3 Additional Math Commands (NCC)
\NCC@fracrulewidth=\dimen268
)
(C:\Users\ramad\AppData\Local\Programs\MiKTeX\tex/latex/enumitem\enumitem.sty
Package: enumitem 2019/06/20 v3.9 Customized lists
\labelindent=\skip101
\enit@outerparindent=\dimen269
\enit@toks=\toks33
\enit@inbox=\box74
\enit@count@id=\count329
\enitdp@description=\count330
)
(C:\Users\ramad\AppData\Local\Programs\MiKTeX\tex/latex/ulem\ulem.sty
\UL@box=\box75
\UL@hyphenbox=\box76
\UL@skip=\skip102
\UL@hook=\toks34
\UL@height=\dimen270
\UL@pe=\count331
\UL@pixel=\dimen271
\ULC@box=\box77
Package: ulem 2019/11/18
\ULdepth=\dimen272
)
(C:\Users\ramad\AppData\Local\Programs\MiKTeX\tex/latex/pdfpages\pdfpages.sty
Package: pdfpages 2022/12/19 v0.5x Insert pages of external PDF documents (AM)

(C:\Users\ramad\AppData\Local\Programs\MiKTeX\tex/latex/tools\calc.sty
Package: calc 2017/05/25 v4.3 Infix arithmetic (KKT,FJ)
\calc@Acount=\count332
\calc@Bcount=\count333
\calc@Adimen=\dimen273
\calc@Bdimen=\dimen274
\calc@Askip=\skip103
\calc@Bskip=\skip104
LaTeX Info: Redefining \setlength on input line 80.
LaTeX Info: Redefining \addtolength on input line 81.
\calc@Ccount=\count334
\calc@Cskip=\skip105
)
\AM@pagewidth=\dimen275
\AM@pageheight=\dimen276
\AM@fboxrule=\dimen277

(C:\Users\ramad\AppData\Local\Programs\MiKTeX\tex/latex/pdfpages\pppdftex.def
File: pppdftex.def 2022/12/19 v0.5x Pdfpages driver for pdfTeX (AM)
)
\pdfpages@includegraphics@status=\count335
\AM@pagebox=\box78
\AM@global@opts=\toks35
\AM@pagecnt=\count336
\AM@toc@title=\toks36
\AM@lof@heading=\toks37
\c@AM@survey=\count337
\AM@templatesizebox=\box79
) (C:\Users\ramad\AppData\Local\Programs\MiKTeX\tex/latex/titlesec\titlesec.sty
Package: titlesec 2021/07/05 v2.14 Sectioning titles
\ttl@box=\box80
\beforetitleunit=\skip106
\aftertitleunit=\skip107
\ttl@plus=\dimen278
\ttl@minus=\dimen279
\ttl@toksa=\toks38
\titlewidth=\dimen280
\titlewidthlast=\dimen281
\titlewidthfirst=\dimen282
) (C:\Users\ramad\AppData\Local\Programs\MiKTeX\tex/latex/tools\multicol.sty
Package: multicol 2023/03/30 v1.9f multicolumn formatting (FMi)
\c@tracingmulticols=\count338
\mult@box=\box81
\multicol@leftmargin=\dimen283
\c@unbalance=\count339
\c@collectmore=\count340
\doublecol@number=\count341
\multicoltolerance=\count342
\multicolpretolerance=\count343
\full@width=\dimen284
\page@free=\dimen285
\premulticols=\dimen286
\postmulticols=\dimen287
\multicolsep=\skip108
\multicolbaselineskip=\skip109
\partial@page=\box82
\last@line=\box83
\mc@boxedresult=\box84
\maxbalancingoverflow=\dimen288
\mult@rightbox=\box85
\mult@grightbox=\box86
\mult@firstbox=\box87
\mult@gfirstbox=\box88
\@tempa=\box89
\@tempa=\box90
\@tempa=\box91
\@tempa=\box92
\@tempa=\box93
\@tempa=\box94
\@tempa=\box95
\@tempa=\box96
\@tempa=\box97
\@tempa=\box98
\@tempa=\box99
\@tempa=\box100
\@tempa=\box101
\@tempa=\box102
\@tempa=\box103
\@tempa=\box104
\@tempa=\box105
\@tempa=\box106
\@tempa=\box107
\@tempa=\box108
\@tempa=\box109
\@tempa=\box110
\@tempa=\box111
\@tempa=\box112
\@tempa=\box113
\@tempa=\box114
\@tempa=\box115
\@tempa=\box116
\@tempa=\box117
\@tempa=\box118
\@tempa=\box119
\@tempa=\box120
\@tempa=\box121
\@tempa=\box122
\@tempa=\box123
\@tempa=\box124
\c@minrows=\count344
\c@columnbadness=\count345
\c@finalcolumnbadness=\count346
\last@try=\dimen289
\multicolovershoot=\dimen290
\multicolundershoot=\dimen291
\mult@nat@firstbox=\box125
\colbreak@box=\box126
\mc@col@check@num=\count347
)
(C:\Users\ramad\AppData\Local\Programs\MiKTeX\tex/latex/listings\listings.sty
\lst@mode=\count348
\lst@gtempboxa=\box127
\lst@token=\toks39
\lst@length=\count349
\lst@currlwidth=\dimen292
\lst@column=\count350
\lst@pos=\count351
\lst@lostspace=\dimen293
\lst@width=\dimen294
\lst@newlines=\count352
\lst@lineno=\count353
\lst@maxwidth=\dimen295

(C:\Users\ramad\AppData\Local\Programs\MiKTeX\tex/latex/listings\lstmisc.sty
File: lstmisc.sty 2023/02/27 1.9 (Carsten Heinz)
\c@lstnumber=\count354
\lst@skipnumbers=\count355
\lst@framebox=\box128
)
(C:\Users\ramad\AppData\Local\Programs\MiKTeX\tex/latex/listings\listings.cfg
File: listings.cfg 2023/02/27 1.9 listings configuration
))
Package: listings 2023/02/27 1.9 (Carsten Heinz)
(C:\Users\ramad\AppData\Local\Programs\MiKTeX\tex/latex/wrapfig\wrapfig.sty
\wrapoverhang=\dimen296
\WF@size=\dimen297
\c@WF@wrappedlines=\count356
\WF@box=\box129
\WF@everypar=\toks40
Package: wrapfig 2003/01/31  v 3.6
)
(C:\Users\ramad\AppData\Local\Programs\MiKTeX\tex/latex/tools\tabularx.sty
Package: tabularx 2020/01/15 v2.11c `tabularx' package (DPC)
\TX@col@width=\dimen298
\TX@old@table=\dimen299
\TX@old@col=\dimen300
\TX@target=\dimen301
\TX@delta=\dimen302
\TX@cols=\count357
\TX@ftn=\toks41
)
(C:\Users\ramad\AppData\Local\Programs\MiKTeX\tex/latex/adjustbox\adjustbox.sty
Package: adjustbox 2022/10/17 v1.3a Adjusting TeX boxes (trim, clip, ...)
(C:\Users\ramad\AppData\Local\Programs\MiKTeX\tex/latex/xkeyval\xkeyval.sty
Package: xkeyval 2022/06/16 v2.9 package option processing (HA)

(C:\Users\ramad\AppData\Local\Programs\MiKTeX\tex/generic/xkeyval\xkeyval.tex
(C:\Users\ramad\AppData\Local\Programs\MiKTeX\tex/generic/xkeyval\xkvutils.tex
\XKV@toks=\toks42
\XKV@tempa@toks=\toks43
)
\XKV@depth=\count358
File: xkeyval.tex 2014/12/03 v2.7a key=value parser (HA)
))
(C:\Users\ramad\AppData\Local\Programs\MiKTeX\tex/latex/adjustbox\adjcalc.sty
Package: adjcalc 2012/05/16 v1.1 Provides advanced setlength with multiple back
-ends (calc, etex, pgfmath)
)
(C:\Users\ramad\AppData\Local\Programs\MiKTeX\tex/latex/adjustbox\trimclip.sty
Package: trimclip 2020/08/19 v1.2 Trim and clip general TeX material

(C:\Users\ramad\AppData\Local\Programs\MiKTeX\tex/latex/collectbox\collectbox.s
ty
Package: collectbox 2022/10/17 v0.4c Collect macro arguments as boxes
\collectedbox=\box130
)
\tc@llx=\dimen303
\tc@lly=\dimen304
\tc@urx=\dimen305
\tc@ury=\dimen306
Package trimclip Info: Using driver 'tc-pdftex.def'.

(C:\Users\ramad\AppData\Local\Programs\MiKTeX\tex/latex/adjustbox\tc-pdftex.def
File: tc-pdftex.def 2019/01/04 v2.2 Clipping driver for pdftex
))
\adjbox@Width=\dimen307
\adjbox@Height=\dimen308
\adjbox@Depth=\dimen309
\adjbox@Totalheight=\dimen310
\adjbox@pwidth=\dimen311
\adjbox@pheight=\dimen312
\adjbox@pdepth=\dimen313
\adjbox@ptotalheight=\dimen314

(C:\Users\ramad\AppData\Local\Programs\MiKTeX\tex/latex/varwidth\varwidth.sty
Package: varwidth 2009/03/30 ver 0.92;  Variable-width minipages
\@vwid@box=\box131
\sift@deathcycles=\count359
\@vwid@loff=\dimen315
\@vwid@roff=\dimen316
)) (C:\Users\ramad\AppData\Local\Programs\MiKTeX\tex/latex/ragged2e\ragged2e.st
y
Package: ragged2e 2023/04/04 v3.5 ragged2e Package
\CenteringLeftskip=\skip110
\RaggedLeftLeftskip=\skip111
\RaggedRightLeftskip=\skip112
\CenteringRightskip=\skip113
\RaggedLeftRightskip=\skip114
\RaggedRightRightskip=\skip115
\CenteringParfillskip=\skip116
\RaggedLeftParfillskip=\skip117
\RaggedRightParfillskip=\skip118
\JustifyingParfillskip=\skip119
\CenteringParindent=\skip120
\RaggedLeftParindent=\skip121
\RaggedRightParindent=\skip122
\JustifyingParindent=\skip123
) (C:\Users\ramad\AppData\Local\Programs\MiKTeX\tex/latex/geometry\geometry.sty
Package: geometry 2020/01/02 v5.9 Page Geometry

(C:\Users\ramad\AppData\Local\Programs\MiKTeX\tex/generic/iftex\ifvtex.sty
Package: ifvtex 2019/10/25 v1.7 ifvtex legacy package. Use iftex instead.
)
\Gm@cnth=\count360
\Gm@cntv=\count361
\c@Gm@tempcnt=\count362
\Gm@bindingoffset=\dimen317
\Gm@wd@mp=\dimen318
\Gm@odd@mp=\dimen319
\Gm@even@mp=\dimen320
\Gm@layoutwidth=\dimen321
\Gm@layoutheight=\dimen322
\Gm@layouthoffset=\dimen323
\Gm@layoutvoffset=\dimen324
\Gm@dimlist=\toks44

(C:\Users\ramad\AppData\Local\Programs\MiKTeX\tex/latex/geometry\geometry.cfg))
(C:\Users\ramad\AppData\Local\Programs\MiKTeX\tex/latex/natbib\natbib.sty
Package: natbib 2010/09/13 8.31b (PWD, AO)
\bibhang=\skip124
\bibsep=\skip125
LaTeX Info: Redefining \cite on input line 694.
\c@NAT@ctr=\count363
)
(C:\Users\ramad\AppData\Local\Programs\MiKTeX\tex/latex/tools\afterpage.sty
Package: afterpage 2014/10/28 v1.08 After-Page Package (DPC)
\AP@output=\toks45
\AP@partial=\box132
\AP@footins=\box133
)
(C:\Users\ramad\AppData\Local\Programs\MiKTeX\tex/latex/changepage\changepage.s
ty
Package: changepage 2009/10/20 v1.0c check page and change page layout
\c@cp@cntr=\count364
\cp@tempcnt=\count365
LaTeX Info: Redefining \checkoddpage on input line 59.
)) (Template Disertasi-Tesis-Proposal Elektro ITS.aux)
\openout1 = `"Template Disertasi-Tesis-Proposal Elektro ITS.aux"'.

LaTeX Font Info:    Checking defaults for OML/cmm/m/it on input line 135.
LaTeX Font Info:    ... okay on input line 135.
LaTeX Font Info:    Checking defaults for OMS/cmsy/m/n on input line 135.
LaTeX Font Info:    ... okay on input line 135.
LaTeX Font Info:    Checking defaults for OT1/cmr/m/n on input line 135.
LaTeX Font Info:    ... okay on input line 135.
LaTeX Font Info:    Checking defaults for T1/cmr/m/n on input line 135.
LaTeX Font Info:    ... okay on input line 135.
LaTeX Font Info:    Checking defaults for TS1/cmr/m/n on input line 135.
LaTeX Font Info:    ... okay on input line 135.
LaTeX Font Info:    Checking defaults for OMX/cmex/m/n on input line 135.
LaTeX Font Info:    ... okay on input line 135.
LaTeX Font Info:    Checking defaults for U/cmr/m/n on input line 135.
LaTeX Font Info:    ... okay on input line 135.
LaTeX Font Info:    Checking defaults for PD1/pdf/m/n on input line 135.
LaTeX Font Info:    ... okay on input line 135.
LaTeX Font Info:    Checking defaults for PU/pdf/m/n on input line 135.
LaTeX Font Info:    ... okay on input line 135.
Package hyperref Info: Link coloring OFF on input line 135.

(Template Disertasi-Tesis-Proposal Elektro ITS.out)
(Template Disertasi-Tesis-Proposal Elektro ITS.out)
\@outlinefile=\write4
\openout4 = `"Template Disertasi-Tesis-Proposal Elektro ITS.out"'.


(C:\Users\ramad\AppData\Local\Programs\MiKTeX\tex/context/base/mkii\supp-pdf.mk
ii
[Loading MPS to PDF converter (version 2006.09.02).]
\scratchcounter=\count366
\scratchdimen=\dimen325
\scratchbox=\box134
\nofMPsegments=\count367
\nofMParguments=\count368
\everyMPshowfont=\toks46
\MPscratchCnt=\count369
\MPscratchDim=\dimen326
\MPnumerator=\count370
\makeMPintoPDFobject=\count371
\everyMPtoPDFconversion=\toks47
)
(C:\Users\ramad\AppData\Local\Programs\MiKTeX\tex/latex/epstopdf-pkg\epstopdf-b
ase.sty
Package: epstopdf-base 2020-01-24 v2.11 Base part for package epstopdf
Package epstopdf-base Info: Redefining graphics rule for `.eps' on input line 4
85.

(C:\Users\ramad\AppData\Local\Programs\MiKTeX\tex/latex/00miktex\epstopdf-sys.c
fg
File: epstopdf-sys.cfg 2021/03/18 v2.0 Configuration of epstopdf for MiKTeX
))
Package caption Info: Begin \AtBeginDocument code.
Package caption Info: subfig package v1.3 is loaded.
Package caption Info: changepage package is loaded.
\caption@adjustwidth@hsize=\dimen327
\caption@adjustwidth@linewidth=\dimen328
Package caption Info: float package is loaded.
Package caption Info: listings package is loaded.
Package caption Info: longtable package is loaded.

(C:\Users\ramad\AppData\Local\Programs\MiKTeX\tex/latex/caption\ltcaption.sty
Package: ltcaption 2021/01/08 v1.4c longtable captions (AR)
)
Package caption Info: wrapfig package is loaded.
Package caption Info: End \AtBeginDocument code.
Package backref Info: ** backref set up for natbib ** on input line 135.
\c@lstlisting=\count372

*geometry* driver: auto-detecting
*geometry* detected driver: pdftex
*geometry* verbose mode - [ preamble ] result:
* driver: pdftex
* paper: a4paper
* layout: <same size as paper>
* layoutoffset:(h,v)=(0.0pt,0.0pt)
* modes: twoside 
* h-part:(L,W,R)=(113.81102pt, 398.3386pt, 85.35826pt)
* v-part:(T,H,B)=(99.58464pt, 660.10394pt, 85.35826pt)
* \paperwidth=597.50787pt
* \paperheight=845.04684pt
* \textwidth=398.3386pt
* \textheight=660.10394pt
* \oddsidemargin=41.54103pt
* \evensidemargin=13.08827pt
* \topmargin=-9.68535pt
* \headheight=12.0pt
* \headsep=25.0pt
* \topskip=12.0pt
* \footskip=30.0pt
* \marginparwidth=85.0pt
* \marginparsep=10.0pt
* \columnsep=10.0pt
* \skip\footins=10.8pt plus 4.0pt minus 2.0pt
* \hoffset=0.0pt
* \voffset=0.0pt
* \mag=1000
* \@twocolumnfalse
* \@twosidetrue
* \@mparswitchtrue
* \@reversemarginfalse
* (1in=72.27pt=25.4mm, 1cm=28.453pt)

(lib/TataLetak.tex (lib/cover.tex
LaTeX Font Info:    Trying to load font information for OT1+phv on input line 1
.

(C:\Users\ramad\AppData\Local\Programs\MiKTeX\tex/latex/psnfss\ot1phv.fd
File: ot1phv.fd 2020/03/25 scalable font definitions for OT1/phv.
)
<lib/LogoITS.png, id=205, 99.5355pt x 99.5355pt>
File: lib/LogoITS.png Graphic file (type png)
<use lib/LogoITS.png>
Package pdftex.def Info: lib/LogoITS.png  used on input line 5.
(pdftex.def)             Requested size: 99.53525pt x 99.53525pt.
<lib/BeltFte.png, id=207, 2830.575pt x 60.225pt>
File: lib/BeltFte.png Graphic file (type png)
<use lib/BeltFte.png>
Package pdftex.def Info: lib/BeltFte.png  used on input line 11.
(pdftex.def)             Requested size: 597.50787pt x 12.71286pt.

Overfull \hbox (17.62482pt too wide) in paragraph at lines 11--13
[][]
 []


Underfull \hbox (badness 10000) in paragraph at lines 35--40

 []

[1

{C:/Users/ramad/AppData/Local/MiKTeX/fonts/map/pdftex/pdftex.map} <./lib/LogoIT
S.png> <./lib/BeltFte.png>]) [2

] (lib/pengesahan.tex
<./lib/background.png, id=223, 1706.375pt x 2208.25pt>
File: ./lib/background.png Graphic file (type png)
<use ./lib/background.png>
Package pdftex.def Info: ./lib/background.png  used on input line 110.
(pdftex.def)             Requested size: 652.98575pt x 845.04684pt.

Overfull \hbox (55.47787pt too wide) has occurred while \output is active
 [][] 
 []

[3 <./lib/background.png>]) [4

] [5

] [6

] (ubah/pengantar.tex) [7] [8

]
(ubah/abstrak.tex (lib/identitasabstrak.tex
Overfull \hbox (88.73671pt too wide) in paragraph at lines 34--35
[][]
 []


Underfull \hbox (badness 10000) in paragraph at lines 34--35

 []

)
Underfull \hbox (badness 1845) in paragraph at lines 4--5
\OT1/cmr/m/n/12 gum-pal-an da-rah ve-na pa-da ci-tra \OT1/cmr/m/it/12 ul-tra-so
-und \OT1/cmr/m/n/12 meng-gu-nak-an U-Net 3D.
 []


Underfull \hbox (badness 1009) in paragraph at lines 4--5
\OT1/cmr/m/it/12 pre-trained VGG16 \OT1/cmr/m/n/12 pa-da mo-del U-Net 2D da-pat
 me-ning-katk-an ki-ner-ja
 []


Underfull \hbox (badness 10000) in paragraph at lines 4--5

 []

) [9] [10

] (ubah/abstrakEng.tex (lib/identitasabstrakEng.tex
Overfull \hbox (128.75157pt too wide) in paragraph at lines 6--13
[][] 
 []

)
Underfull \hbox (badness 10000) in paragraph at lines 4--5

 []

) [11] [12

] (Template Disertasi-Tesis-Proposal Elektro ITS.toc [13

])
\tf@toc=\write5
\openout5 = `"Template Disertasi-Tesis-Proposal Elektro ITS.toc"'.

 [14]
(Template Disertasi-Tesis-Proposal Elektro ITS.lof [15


] [16])
\tf@lof=\write6
\openout6 = `"Template Disertasi-Tesis-Proposal Elektro ITS.lof"'.

 [17] [18

]
(Template Disertasi-Tesis-Proposal Elektro ITS.lot)
\tf@lot=\write7
\openout7 = `"Template Disertasi-Tesis-Proposal Elektro ITS.lot"'.

 [19

] [20

]
(ubah/nomenklatur.tex
! Missing $ inserted.
<inserted text> 
                $
l.12 \end{conditions}
                     
I've inserted a begin-math/end-math symbol since I think
you left one out. Proceed, with fingers crossed.

! Missing $ inserted.
<inserted text> 
                $
l.12 \end{conditions}
                     
I've inserted something that you may have forgotten.
(See the <inserted text> above.)
With luck, this will get me unwedged. But if you
really didn't forget anything, try typing `2' now; then
my insertion and my current dilemma will both disappear.

! Missing $ inserted.
<inserted text> 
                $
l.12 \end{conditions}
                     
I've inserted a begin-math/end-math symbol since I think
you left one out. Proceed, with fingers crossed.

! Missing $ inserted.
<inserted text> 
                $
l.12 \end{conditions}
                     
I've inserted something that you may have forgotten.
(See the <inserted text> above.)
With luck, this will get me unwedged. But if you
really didn't forget anything, try typing `2' now; then
my insertion and my current dilemma will both disappear.

! Missing $ inserted.
<inserted text> 
                $
l.12 \end{conditions}
                     
I've inserted a begin-math/end-math symbol since I think
you left one out. Proceed, with fingers crossed.

! Missing $ inserted.
<inserted text> 
                $
l.12 \end{conditions}
                     
I've inserted something that you may have forgotten.
(See the <inserted text> above.)
With luck, this will get me unwedged. But if you
really didn't forget anything, try typing `2' now; then
my insertion and my current dilemma will both disappear.

! Missing $ inserted.
<inserted text> 
                $
l.12 \end{conditions}
                     
I've inserted a begin-math/end-math symbol since I think
you left one out. Proceed, with fingers crossed.

! Missing $ inserted.
<inserted text> 
                $
l.12 \end{conditions}
                     
I've inserted something that you may have forgotten.
(See the <inserted text> above.)
With luck, this will get me unwedged. But if you
really didn't forget anything, try typing `2' now; then
my insertion and my current dilemma will both disappear.

! Missing $ inserted.
<inserted text> 
                $
l.12 \end{conditions}
                     
I've inserted a begin-math/end-math symbol since I think
you left one out. Proceed, with fingers crossed.

! Missing $ inserted.
<inserted text> 
                $
l.12 \end{conditions}
                     
I've inserted something that you may have forgotten.
(See the <inserted text> above.)
With luck, this will get me unwedged. But if you
really didn't forget anything, try typing `2' now; then
my insertion and my current dilemma will both disappear.

! Missing $ inserted.
<inserted text> 
                $
l.12 \end{conditions}
                     
I've inserted a begin-math/end-math symbol since I think
you left one out. Proceed, with fingers crossed.

! Missing $ inserted.
<inserted text> 
                $
l.12 \end{conditions}
                     
I've inserted something that you may have forgotten.
(See the <inserted text> above.)
With luck, this will get me unwedged. But if you
really didn't forget anything, try typing `2' now; then
my insertion and my current dilemma will both disappear.

[21]) [22

]) (bab1/bab1.tex
Bab 1.
[1

]
Underfull \vbox (badness 10000) has occurred while \output is active []

 [2])
[3] [4

] (bab2/bab2.tex
Bab 2.

Underfull \vbox (badness 1297) has occurred while \output is active []

 [5

]
<bab2/deep-vein-thrombosis.jpg, id=598, 489.32813pt x 355.3275pt>
File: bab2/deep-vein-thrombosis.jpg Graphic file (type jpg)
<use bab2/deep-vein-thrombosis.jpg>
Package pdftex.def Info: bab2/deep-vein-thrombosis.jpg  used on input line 18.
(pdftex.def)             Requested size: 146.79956pt x 106.59906pt.

[6 <./bab2/deep-vein-thrombosis.jpg>]
<bab2/yud8Dopler.jpg, id=613, 638.385pt x 435.6275pt>
File: bab2/yud8Dopler.jpg Graphic file (type jpg)
<use bab2/yud8Dopler.jpg>
Package pdftex.def Info: bab2/yud8Dopler.jpg  used on input line 50.
(pdftex.def)             Requested size: 319.19171pt x 217.81322pt.
 [7 <./bab2/yud8Dopler.jpg>]
<bab2/kotak_sisi_belakang_kalibrasi.png, id=620, 94.85437pt x 163.3603pt>
File: bab2/kotak_sisi_belakang_kalibrasi.png Graphic file (type png)
<use bab2/kotak_sisi_belakang_kalibrasi.png>
Package pdftex.def Info: bab2/kotak_sisi_belakang_kalibrasi.png  used on input 
line 68.
(pdftex.def)             Requested size: 75.88358pt x 130.6884pt.
<bab2/kotak_sisi_samping_kalibrasi.png, id=621, 99.37125pt x 162.6075pt>
File: bab2/kotak_sisi_samping_kalibrasi.png Graphic file (type png)
<use bab2/kotak_sisi_samping_kalibrasi.png>
Package pdftex.def Info: bab2/kotak_sisi_samping_kalibrasi.png  used on input l
ine 70.
(pdftex.def)             Requested size: 79.4971pt x 130.08617pt.
<bab2/kotak_kalibrasi_keseluruhan.png, id=622, 222.07968pt x 186.6975pt>
File: bab2/kotak_kalibrasi_keseluruhan.png Graphic file (type png)
<use bab2/kotak_kalibrasi_keseluruhan.png>
Package pdftex.def Info: bab2/kotak_kalibrasi_keseluruhan.png  used on input li
ne 76.
(pdftex.def)             Requested size: 111.03957pt x 93.34851pt.
<bab2/desain_posisi_kabel.png, id=624, 426.84468pt x 194.97844pt>
File: bab2/desain_posisi_kabel.png Graphic file (type png)
<use bab2/desain_posisi_kabel.png>
Package pdftex.def Info: bab2/desain_posisi_kabel.png  used on input line 89.
(pdftex.def)             Requested size: 298.78925pt x 136.48396pt.

Underfull \vbox (badness 10000) has occurred while \output is active []

 [8]
[9 <./bab2/kotak_sisi_belakang_kalibrasi.png> <./bab2/kotak_sisi_samping_kalibr
asi.png> <./bab2/kotak_kalibrasi_keseluruhan.png> <./bab2/desain_posisi_kabel.p
ng>]
<bab2/marker_m2.png, id=639, 168.63pt x 201.75375pt>
File: bab2/marker_m2.png Graphic file (type png)
<use bab2/marker_m2.png>
Package pdftex.def Info: bab2/marker_m2.png  used on input line 102.
(pdftex.def)             Requested size: 151.76558pt x 181.57669pt.
<bab2/marker_m6.png, id=640, 149.8097pt x 202.50656pt>
File: bab2/marker_m6.png Graphic file (type png)
<use bab2/marker_m6.png>
Package pdftex.def Info: bab2/marker_m6.png  used on input line 104.
(pdftex.def)             Requested size: 134.82745pt x 182.2542pt.

Underfull \vbox (badness 10000) has occurred while \output is active []

 [10 <./bab2/marker_m2.png> <./bab2/marker_m6.png>]
! Undefined control sequence.
l.134 		\texbf
              {KX}\ =\ \frac{x_{KX}{,y}_{KX}{,z}_{KX}}{\sqrt{{(x_{KX})}^2+{(...
The control sequence at the end of the top line
of your error message was never \def'ed. If you have
misspelled it (e.g., `\hobx'), type `I' and the correct
spelling (e.g., `I\hbox'). Otherwise just continue,
and I'll forget about whatever was undefined.

! Undefined control sequence.
l.144 		 \texbf
               {KY}\ =\ \frac{x_{KY}{,y}_{KY}{,z}_{KY}}{\sqrt{{(x_{KY})}^2+{...
The control sequence at the end of the top line
of your error message was never \def'ed. If you have
misspelled it (e.g., `\hobx'), type `I' and the correct
spelling (e.g., `I\hbox'). Otherwise just continue,
and I'll forget about whatever was undefined.


Underfull \vbox (badness 10000) has occurred while \output is active []

 [11]

! Package amsmath Error: Erroneous nesting of equation structures;
(amsmath)                trying to recover with `aligned'.

See the amsmath package documentation for explanation.
Type  H <return>  for immediate help.
 ...                                              
                                                  
l.174 	\end{align}
                  
Try typing  <return>  to proceed.
If that doesn't work, type  X <return>  to quit.


! Package amsmath Error: Erroneous nesting of equation structures;
(amsmath)                trying to recover with `aligned'.

See the amsmath package documentation for explanation.
Type  H <return>  for immediate help.
 ...                                              
                                                  
l.184 	\end{align}
                  	
Try typing  <return>  to proceed.
If that doesn't work, type  X <return>  to quit.

[12] [13]
<bab2/hasil_echo_wave.png, id=684, 335.75438pt x 297.36093pt>
File: bab2/hasil_echo_wave.png Graphic file (type png)
<use bab2/hasil_echo_wave.png>
Package pdftex.def Info: bab2/hasil_echo_wave.png  used on input line 218.
(pdftex.def)             Requested size: 201.45418pt x 178.41792pt.
 [14 <./bab2/hasil_echo_wave.png>] [15]
Underfull \vbox (badness 10000) has occurred while \output is active []

 [16]
[17] [18]
<bab2/mondelUnetBab2.png, id=734, 712.6625pt x 449.68pt>
File: bab2/mondelUnetBab2.png Graphic file (type png)
<use bab2/mondelUnetBab2.png>
Package pdftex.def Info: bab2/mondelUnetBab2.png  used on input line 290.
(pdftex.def)             Requested size: 427.6008pt x 269.81007pt.

Overfull \hbox (29.2622pt too wide) in paragraph at lines 290--291
 [][] 
 []

[19]
<bab2/iou_spasial.png, id=749, 1060.96375pt x 1607.00375pt>
File: bab2/iou_spasial.png Graphic file (type png)
<use bab2/iou_spasial.png>
Package pdftex.def Info: bab2/iou_spasial.png  used on input line 326.
(pdftex.def)             Requested size: 212.18898pt x 321.39507pt.
 [20 <./bab2/mondelUnetBab2.png>] [21 <./bab2/iou_spasial.png>]
<bab2/dice_spasial.png, id=766, 1060.96375pt x 1607.00375pt>
File: bab2/dice_spasial.png Graphic file (type png)
<use bab2/dice_spasial.png>
Package pdftex.def Info: bab2/dice_spasial.png  used on input line 342.
(pdftex.def)             Requested size: 212.18898pt x 321.39507pt.
 [22 <./bab2/dice_spasial.png>]) [23] [24

] (bab3/bab3.tex
Bab 3.
<bab3/diagram-block version 2.png, id=785, 1295.84125pt x 568.1225pt>
File: bab3/diagram-block version 2.png Graphic file (type png)
<use bab3/diagram-block version 2.png>
Package pdftex.def Info: bab3/diagram-block version 2.png  used on input line 1
2.
(pdftex.def)             Requested size: 398.3386pt x 174.64244pt.
[25

 <./bab3/diagram-block version 2.png>]
<bab3/phantom_balon.jpg, id=792, 1284.8pt x 851.18pt>
File: bab3/phantom_balon.jpg Graphic file (type jpg)
<use bab3/phantom_balon.jpg>
Package pdftex.def Info: bab3/phantom_balon.jpg  used on input line 30.
(pdftex.def)             Requested size: 231.25401pt x 153.20578pt.
<bab3/img_thrombus.png, id=793, 256.96pt x 256.96pt>
File: bab3/img_thrombus.png Graphic file (type png)
<use bab3/img_thrombus.png>
Package pdftex.def Info: bab3/img_thrombus.png  used on input line 32.
(pdftex.def)             Requested size: 154.17719pt x 154.17719pt.

Overfull \hbox (11.0926pt too wide) in paragraph at lines 29--35
 [][] 
 []

[26 <./bab3/phantom_balon.jpg> <./bab3/img_thrombus.png (PNG copy)>]
<bab3/thrombus.png, id=799, 192.72pt x 192.72pt>
File: bab3/thrombus.png Graphic file (type png)
<use bab3/thrombus.png>
Package pdftex.def Info: bab3/thrombus.png  used on input line 43.
(pdftex.def)             Requested size: 134.90306pt x 134.90306pt.
 [27 <./bab3/thrombus.png>]
<bab3/usg_telemed.jpg, id=809, 1335.99126pt x 1260.71pt>
File: bab3/usg_telemed.jpg Graphic file (type jpg)
<use bab3/usg_telemed.jpg>
Package pdftex.def Info: bab3/usg_telemed.jpg  used on input line 55.
(pdftex.def)             Requested size: 187.03749pt x 176.4982pt.
<bab3/probe_linear.jpg, id=810, 1456.44125pt x 1066.98625pt>
File: bab3/probe_linear.jpg Graphic file (type jpg)
<use bab3/probe_linear.jpg>
Package pdftex.def Info: bab3/probe_linear.jpg  used on input line 57.
(pdftex.def)             Requested size: 174.76541pt x 128.03282pt.
<bab3/img_optic_track.jpg, id=811, 1606.0pt x 1204.5pt>
File: bab3/img_optic_track.jpg Graphic file (type jpg)
<use bab3/img_optic_track.jpg>
Package pdftex.def Info: bab3/img_optic_track.jpg  used on input line 63.
(pdftex.def)             Requested size: 192.71169pt x 144.53375pt.

Underfull \vbox (badness 2134) has occurred while \output is active []

 [28 <./bab3/usg_telemed.jpg> <./bab3/probe_linear.jpg> <./bab3/img_optic_track
.jpg>]
Underfull \vbox (badness 10000) has occurred while \output is active []

 [29]
<bab3/visualisasi_penempatan_voxel_3d.png, id=821, 1052.93375pt x 477.785pt>
File: bab3/visualisasi_penempatan_voxel_3d.png Graphic file (type png)
<use bab3/visualisasi_penempatan_voxel_3d.png>
Package pdftex.def Info: bab3/visualisasi_penempatan_voxel_3d.png  used on inpu
t line 127.
(pdftex.def)             Requested size: 315.88255pt x 143.3366pt.

[30 <./bab3/visualisasi_penempatan_voxel_3d.png>]
<bab3/prosedur_rekonstruksi.png, id=832, 1188.44pt x 1007.765pt>
File: bab3/prosedur_rekonstruksi.png Graphic file (type png)
<use bab3/prosedur_rekonstruksi.png>
Package pdftex.def Info: bab3/prosedur_rekonstruksi.png  used on input line 145
.
(pdftex.def)             Requested size: 297.10927pt x 251.94063pt.
<bab3/Hasil_Rekonstruksi_3d.png, id=834, 603.75563pt x 490.83376pt>
File: bab3/Hasil_Rekonstruksi_3d.png Graphic file (type png)
<use bab3/Hasil_Rekonstruksi_3d.png>
Package pdftex.def Info: bab3/Hasil_Rekonstruksi_3d.png  used on input line 154
.
(pdftex.def)             Requested size: 301.87708pt x 245.41628pt.
 [31 <./bab3/prosedur_rekonstruksi.png>]
Underfull \vbox (badness 1460) has occurred while \output is active []

 [32 <./bab3/Hasil_Rekonstruksi_3d.png>] [33] [34]
<bab3/reduksi_noise/img_360_ori.png, id=871, 128.48pt x 128.48pt>
File: bab3/reduksi_noise/img_360_ori.png Graphic file (type png)
<use bab3/reduksi_noise/img_360_ori.png>
Package pdftex.def Info: bab3/reduksi_noise/img_360_ori.png  used on input line
 217.
(pdftex.def)             Requested size: 119.50279pt x 119.50476pt.
<bab3/reduksi_noise/img_360_gaussian.png, id=872, 128.48pt x 128.48pt>
File: bab3/reduksi_noise/img_360_gaussian.png Graphic file (type png)
<use bab3/reduksi_noise/img_360_gaussian.png>
Package pdftex.def Info: bab3/reduksi_noise/img_360_gaussian.png  used on input
 line 218.
(pdftex.def)             Requested size: 119.50279pt x 119.50476pt.
<bab3/reduksi_noise/img_360_median.png, id=873, 128.48pt x 128.48pt>
File: bab3/reduksi_noise/img_360_median.png Graphic file (type png)
<use bab3/reduksi_noise/img_360_median.png>
Package pdftex.def Info: bab3/reduksi_noise/img_360_median.png  used on input l
ine 219.
(pdftex.def)             Requested size: 119.50279pt x 119.50476pt.
<bab3/reduksi_noise/img_360_mean.png, id=874, 128.48pt x 128.48pt>
File: bab3/reduksi_noise/img_360_mean.png Graphic file (type png)
<use bab3/reduksi_noise/img_360_mean.png>
Package pdftex.def Info: bab3/reduksi_noise/img_360_mean.png  used on input lin
e 222.
(pdftex.def)             Requested size: 119.50279pt x 119.50476pt.
<bab3/reduksi_noise/img_360_bilateral.png, id=875, 128.48pt x 128.48pt>
File: bab3/reduksi_noise/img_360_bilateral.png Graphic file (type png)
<use bab3/reduksi_noise/img_360_bilateral.png>
Package pdftex.def Info: bab3/reduksi_noise/img_360_bilateral.png  used on inpu
t line 223.
(pdftex.def)             Requested size: 119.50279pt x 119.50476pt.
<bab3/reduksi_noise/img_360_nlm.png, id=876, 128.48pt x 128.48pt>
File: bab3/reduksi_noise/img_360_nlm.png Graphic file (type png)
<use bab3/reduksi_noise/img_360_nlm.png>
Package pdftex.def Info: bab3/reduksi_noise/img_360_nlm.png  used on input line
 224.
(pdftex.def)             Requested size: 119.50279pt x 119.50476pt.
<bab4/citra-asli.jpg, id=877, 192.72pt x 192.72pt>
File: bab4/citra-asli.jpg Graphic file (type jpg)
<use bab4/citra-asli.jpg>
Package pdftex.def Info: bab4/citra-asli.jpg  used on input line 236.
(pdftex.def)             Requested size: 119.50279pt x 119.50279pt.
<bab4/citra-bilateral.jpg, id=878, 256.96pt x 256.96pt>
File: bab4/citra-bilateral.jpg Graphic file (type jpg)
<use bab4/citra-bilateral.jpg>
Package pdftex.def Info: bab4/citra-bilateral.jpg  used on input line 237.
(pdftex.def)             Requested size: 119.50279pt x 119.50476pt.
<bab4/citra-gaussian.jpg, id=879, 192.72pt x 192.72pt>
File: bab4/citra-gaussian.jpg Graphic file (type jpg)
<use bab4/citra-gaussian.jpg>
Package pdftex.def Info: bab4/citra-gaussian.jpg  used on input line 238.
(pdftex.def)             Requested size: 119.50279pt x 119.50279pt.
<bab4/citra-mean.jpg, id=880, 256.96pt x 256.96pt>
File: bab4/citra-mean.jpg Graphic file (type jpg)
<use bab4/citra-mean.jpg>
Package pdftex.def Info: bab4/citra-mean.jpg  used on input line 241.
(pdftex.def)             Requested size: 119.50279pt x 119.50476pt.
<bab4/citra-median.jpg, id=881, 192.72pt x 192.72pt>
File: bab4/citra-median.jpg Graphic file (type jpg)
<use bab4/citra-median.jpg>
Package pdftex.def Info: bab4/citra-median.jpg  used on input line 242.
(pdftex.def)             Requested size: 119.50279pt x 119.50279pt.
<bab4/citra-nlm.jpg, id=882, 256.96pt x 256.96pt>
File: bab4/citra-nlm.jpg Graphic file (type jpg)
<use bab4/citra-nlm.jpg>
Package pdftex.def Info: bab4/citra-nlm.jpg  used on input line 243.
(pdftex.def)             Requested size: 119.50279pt x 119.50476pt.


LaTeX Warning: `h' float specifier changed to `ht'.

[35 <./bab3/reduksi_noise/img_360_ori.png (PNG copy)> <./bab3/reduksi_noise/img
_360_gaussian.png (PNG copy)> <./bab3/reduksi_noise/img_360_median.png (PNG cop
y)> <./bab3/reduksi_noise/img_360_mean.png (PNG copy)> <./bab3/reduksi_noise/im
g_360_bilateral.png (PNG copy)> <./bab3/reduksi_noise/img_360_nlm.png (PNG copy
)>]
<bab3/label-studio.png, id=888, 505.13719pt x 373.395pt>
File: bab3/label-studio.png Graphic file (type png)
<use bab3/label-studio.png>
Package pdftex.def Info: bab3/label-studio.png  used on input line 254.
(pdftex.def)             Requested size: 126.28398pt x 93.34851pt.
<bab3/Hasil-Label.png, id=889, 1553.805pt x 985.6825pt>
File: bab3/Hasil-Label.png Graphic file (type png)
<use bab3/Hasil-Label.png>
Package pdftex.def Info: bab3/Hasil-Label.png  used on input line 261.
(pdftex.def)             Requested size: 233.06068pt x 147.846pt.
 [36 <./bab4/citra-asli.jpg> <./bab4/citra-bilateral.jpg> <./bab4/citra-gaussia
n.jpg> <./bab4/citra-mean.jpg> <./bab4/citra-median.jpg> <./bab4/citra-nlm.jpg>
 <./bab3/label-studio.png>] [37 <./bab3/Hasil-Label.png>]
Underfull \vbox (badness 3250) has occurred while \output is active []

 [38]
[39]
Underfull \vbox (badness 10000) has occurred while \output is active []

 [40]
<bab3/unet_2d.png, id=918, 1518.67375pt x 916.42375pt>
File: bab3/unet_2d.png Graphic file (type png)
<use bab3/unet_2d.png>
Package pdftex.def Info: bab3/unet_2d.png  used on input line 459.
(pdftex.def)             Requested size: 303.72937pt x 183.2815pt.

Underfull \vbox (badness 6559) has occurred while \output is active []

 [41]
<bab3/Unet 3d.png, id=924, 2361.82375pt x 1030.85126pt>
File: bab3/Unet 3d.png Graphic file (type png)
<use bab3/Unet 3d.png>
Package pdftex.def Info: bab3/Unet 3d.png  used on input line 470.
(pdftex.def)             Requested size: 472.35638pt x 206.1666pt.

Overfull \hbox (74.01779pt too wide) in paragraph at lines 470--471
 [][] 
 []


Underfull \vbox (badness 1331) has occurred while \output is active []

 [42 <./bab3/unet_2d.png>]
<bab3/skenario_penelitian.png, id=931, 2261.44875pt x 1509.64pt>
File: bab3/skenario_penelitian.png Graphic file (type png)
<use bab3/skenario_penelitian.png>
Package pdftex.def Info: bab3/skenario_penelitian.png  used on input line 489.
(pdftex.def)             Requested size: 452.28174pt x 301.92265pt.

Overfull \hbox (53.94315pt too wide) in paragraph at lines 489--490
 [][] 
 []

) [43 <./bab3/Unet 3d.png>] [44 <./bab3/skenario_penelitian.png>]
(bab4/bab4.tex
Bab 4.

Underfull \vbox (badness 10000) has occurred while \output is active []

 [45


]
<bab4/acc-ori-unet.png, id=948, 422.0568pt x 328.8285pt>
File: bab4/acc-ori-unet.png Graphic file (type png)
<use bab4/acc-ori-unet.png>
Package pdftex.def Info: bab4/acc-ori-unet.png  used on input line 54.
(pdftex.def)             Requested size: 211.02788pt x 164.41385pt.
<bab4/loss-ori-unet.png, id=949, 416.2752pt x 328.8285pt>
File: bab4/loss-ori-unet.png Graphic file (type png)
<use bab4/loss-ori-unet.png>
Package pdftex.def Info: bab4/loss-ori-unet.png  used on input line 55.
(pdftex.def)             Requested size: 208.13708pt x 164.41385pt.

Overfull \hbox (56.82637pt too wide) in paragraph at lines 52--59
 [][] 
 []

[46 <./bab4/acc-ori-unet.png> <./bab4/loss-ori-unet.png>]
<bab4/Rekap Training/UNet/Ori/5/acc_99,75365400314331.png, id=959, 409.7709pt x
 328.8285pt>
File: bab4/Rekap Training/UNet/Ori/5/acc_99,75365400314331.png Graphic file (ty
pe png)
<use bab4/Rekap Training/UNet/Ori/5/acc_99,75365400314331.png>
Package pdftex.def Info: bab4/Rekap Training/UNet/Ori/5/acc_99,75365400314331.p
ng  used on input line 70.
(pdftex.def)             Requested size: 204.88495pt x 164.41385pt.
<bab4/Rekap Training/UNet/Ori/5/loss_0,0061.png, id=960, 409.7709pt x 328.8285p
t>
File: bab4/Rekap Training/UNet/Ori/5/loss_0,0061.png Graphic file (type png)
<use bab4/Rekap Training/UNet/Ori/5/loss_0,0061.png>
Package pdftex.def Info: bab4/Rekap Training/UNet/Ori/5/loss_0,0061.png  used o
n input line 71.
(pdftex.def)             Requested size: 204.88495pt x 164.41385pt.

Overfull \hbox (47.4313pt too wide) in paragraph at lines 68--75
 [][] 
 []

<bab4/acc-gaussian-unet.png, id=962, 416.2752pt x 328.8285pt>
File: bab4/acc-gaussian-unet.png Graphic file (type png)
<use bab4/acc-gaussian-unet.png>
Package pdftex.def Info: bab4/acc-gaussian-unet.png  used on input line 88.
(pdftex.def)             Requested size: 208.13708pt x 164.41385pt.
<bab4/loss-gaussian-unet.png, id=963, 409.7709pt x 328.8285pt>
File: bab4/loss-gaussian-unet.png Graphic file (type png)
<use bab4/loss-gaussian-unet.png>
Package pdftex.def Info: bab4/loss-gaussian-unet.png  used on input line 89.
(pdftex.def)             Requested size: 204.88495pt x 164.41385pt.

Overfull \hbox (50.68344pt too wide) in paragraph at lines 86--93
 [][] 
 []

[47 <./bab4/Rekap Training/UNet/Ori/5/acc_99,75365400314331.png> <./bab4/Rekap 
Training/UNet/Ori/5/loss_0,0061.png>]
<bab4/Rekap Training/UNet/Gaussian/1/acc_99,63463544845581.png, id=972, 416.275
2pt x 328.8285pt>
File: bab4/Rekap Training/UNet/Gaussian/1/acc_99,63463544845581.png Graphic fil
e (type png)
<use bab4/Rekap Training/UNet/Gaussian/1/acc_99,63463544845581.png>
Package pdftex.def Info: bab4/Rekap Training/UNet/Gaussian/1/acc_99,63463544845
581.png  used on input line 104.
(pdftex.def)             Requested size: 208.13708pt x 164.41385pt.
<bab4/Rekap Training/UNet/Gaussian/1/loss_0,0083.png, id=973, 409.7709pt x 328.
8285pt>
File: bab4/Rekap Training/UNet/Gaussian/1/loss_0,0083.png Graphic file (type pn
g)
<use bab4/Rekap Training/UNet/Gaussian/1/loss_0,0083.png>
Package pdftex.def Info: bab4/Rekap Training/UNet/Gaussian/1/loss_0,0083.png  u
sed on input line 105.
(pdftex.def)             Requested size: 204.88495pt x 164.41385pt.

Overfull \hbox (50.68344pt too wide) in paragraph at lines 102--109
 [][] 
 []

[48 <./bab4/acc-gaussian-unet.png> <./bab4/loss-gaussian-unet.png>]
<bab4/acc-median-unet.png, id=982, 416.2752pt x 328.8285pt>
File: bab4/acc-median-unet.png Graphic file (type png)
<use bab4/acc-median-unet.png>
Package pdftex.def Info: bab4/acc-median-unet.png  used on input line 122.
(pdftex.def)             Requested size: 208.13708pt x 164.41385pt.
<bab4/loss-median-unet.png, id=983, 416.2752pt x 328.8285pt>
File: bab4/loss-median-unet.png Graphic file (type png)
<use bab4/loss-median-unet.png>
Package pdftex.def Info: bab4/loss-median-unet.png  used on input line 123.
(pdftex.def)             Requested size: 208.13708pt x 164.41385pt.

Overfull \hbox (53.93558pt too wide) in paragraph at lines 120--127
 [][] 
 []

[49 <./bab4/Rekap Training/UNet/Gaussian/1/acc_99,63463544845581.png> <./bab4/R
ekap Training/UNet/Gaussian/1/loss_0,0083.png> <./bab4/acc-median-unet.png> <./
bab4/loss-median-unet.png>]
<bab4/Rekap Training/UNet/Median/5/acc_99,71805214881897.png, id=993, 422.0568p
t x 328.8285pt>
File: bab4/Rekap Training/UNet/Median/5/acc_99,71805214881897.png Graphic file 
(type png)
<use bab4/Rekap Training/UNet/Median/5/acc_99,71805214881897.png>
Package pdftex.def Info: bab4/Rekap Training/UNet/Median/5/acc_99,7180521488189
7.png  used on input line 138.
(pdftex.def)             Requested size: 211.02788pt x 164.41385pt.
<bab4/Rekap Training/UNet/Median/5/loss_0,0070.png, id=994, 409.7709pt x 328.82
85pt>
File: bab4/Rekap Training/UNet/Median/5/loss_0,0070.png Graphic file (type png)

<use bab4/Rekap Training/UNet/Median/5/loss_0,0070.png>
Package pdftex.def Info: bab4/Rekap Training/UNet/Median/5/loss_0,0070.png  use
d on input line 139.
(pdftex.def)             Requested size: 204.88495pt x 164.41385pt.

Overfull \hbox (53.57423pt too wide) in paragraph at lines 136--143
 [][] 
 []

<bab4/acc-mean-unet.png, id=996, 416.2752pt x 328.8285pt>
File: bab4/acc-mean-unet.png Graphic file (type png)
<use bab4/acc-mean-unet.png>
Package pdftex.def Info: bab4/acc-mean-unet.png  used on input line 157.
(pdftex.def)             Requested size: 166.50713pt x 131.52907pt.
<bab4/loss-mean-unet.png, id=997, 416.2752pt x 328.8285pt>
File: bab4/loss-mean-unet.png Graphic file (type png)
<use bab4/loss-mean-unet.png>
Package pdftex.def Info: bab4/loss-mean-unet.png  used on input line 158.
(pdftex.def)             Requested size: 166.50713pt x 131.52907pt.

Underfull \vbox (badness 4084) has occurred while \output is active []

 [50 <./bab4/Rekap Training/UNet/Median/5/acc_99,71805214881897.png> <./bab4/Re
kap Training/UNet/Median/5/loss_0,0070.png>]
<bab4/Rekap Training/UNet/Mean/3/acc_99,71330165863037.png, id=1006, 409.7709pt
 x 328.8285pt>
File: bab4/Rekap Training/UNet/Mean/3/acc_99,71330165863037.png Graphic file (t
ype png)
<use bab4/Rekap Training/UNet/Mean/3/acc_99,71330165863037.png>
Package pdftex.def Info: bab4/Rekap Training/UNet/Mean/3/acc_99,71330165863037.
png  used on input line 174.
(pdftex.def)             Requested size: 163.90546pt x 131.52907pt.
<bab4/Rekap Training/UNet/Mean/3/loss_0,0069.png, id=1007, 409.7709pt x 328.828
5pt>
File: bab4/Rekap Training/UNet/Mean/3/loss_0,0069.png Graphic file (type png)
<use bab4/Rekap Training/UNet/Mean/3/loss_0,0069.png>
Package pdftex.def Info: bab4/Rekap Training/UNet/Mean/3/loss_0,0069.png  used 
on input line 175.
(pdftex.def)             Requested size: 163.90546pt x 131.52907pt.
 [51 <./bab4/acc-mean-unet.png> <./bab4/loss-mean-unet.png> <./bab4/Rekap Train
ing/UNet/Mean/3/acc_99,71330165863037.png> <./bab4/Rekap Training/UNet/Mean/3/l
oss_0,0069.png>]
<bab4/acc-bilateral-unet.png, id=1018, 422.0568pt x 328.8285pt>
File: bab4/acc-bilateral-unet.png Graphic file (type png)
<use bab4/acc-bilateral-unet.png>
Package pdftex.def Info: bab4/acc-bilateral-unet.png  used on input line 192.
(pdftex.def)             Requested size: 211.02788pt x 164.41385pt.
<bab4/loss-bilateral-unet.png, id=1019, 409.7709pt x 328.8285pt>
File: bab4/loss-bilateral-unet.png Graphic file (type png)
<use bab4/loss-bilateral-unet.png>
Package pdftex.def Info: bab4/loss-bilateral-unet.png  used on input line 193.
(pdftex.def)             Requested size: 204.88495pt x 164.41385pt.

Overfull \hbox (53.57423pt too wide) in paragraph at lines 190--197
 [][] 
 []

<bab4/Rekap Training/UNet/Bilateral/5/acc_99,65311884880066.png, id=1021, 409.7
709pt x 328.8285pt>
File: bab4/Rekap Training/UNet/Bilateral/5/acc_99,65311884880066.png Graphic fi
le (type png)
<use bab4/Rekap Training/UNet/Bilateral/5/acc_99,65311884880066.png>
Package pdftex.def Info: bab4/Rekap Training/UNet/Bilateral/5/acc_99,6531188488
0066.png  used on input line 208.
(pdftex.def)             Requested size: 204.88495pt x 164.41385pt.
<bab4/Rekap Training/UNet/Bilateral/5/loss_0,0096.png, id=1022, 409.7709pt x 32
8.8285pt>
File: bab4/Rekap Training/UNet/Bilateral/5/loss_0,0096.png Graphic file (type p
ng)
<use bab4/Rekap Training/UNet/Bilateral/5/loss_0,0096.png>
Package pdftex.def Info: bab4/Rekap Training/UNet/Bilateral/5/loss_0,0096.png  
used on input line 209.
(pdftex.def)             Requested size: 204.88495pt x 164.41385pt.

Overfull \hbox (47.4313pt too wide) in paragraph at lines 206--213
 [][] 
 []

[52 <./bab4/acc-bilateral-unet.png> <./bab4/loss-bilateral-unet.png>]
<bab4/acc-nlm-unet.png, id=1031, 416.2752pt x 328.8285pt>
File: bab4/acc-nlm-unet.png Graphic file (type png)
<use bab4/acc-nlm-unet.png>
Package pdftex.def Info: bab4/acc-nlm-unet.png  used on input line 226.
(pdftex.def)             Requested size: 208.13708pt x 164.41385pt.
<bab4/loss-nlm-unet.png, id=1032, 409.7709pt x 328.8285pt>
File: bab4/loss-nlm-unet.png Graphic file (type png)
<use bab4/loss-nlm-unet.png>
Package pdftex.def Info: bab4/loss-nlm-unet.png  used on input line 227.
(pdftex.def)             Requested size: 204.88495pt x 164.41385pt.

Overfull \hbox (50.68344pt too wide) in paragraph at lines 224--231
 [][] 
 []

[53 <./bab4/Rekap Training/UNet/Bilateral/5/acc_99,65311884880066.png> <./bab4/
Rekap Training/UNet/Bilateral/5/loss_0,0096.png>]
<bab4/Rekap Training/UNet/Nlm/1/acc_99,70923662185669.png, id=1041, 409.7709pt 
x 328.8285pt>
File: bab4/Rekap Training/UNet/Nlm/1/acc_99,70923662185669.png Graphic file (ty
pe png)
<use bab4/Rekap Training/UNet/Nlm/1/acc_99,70923662185669.png>
Package pdftex.def Info: bab4/Rekap Training/UNet/Nlm/1/acc_99,70923662185669.p
ng  used on input line 243.
(pdftex.def)             Requested size: 204.88495pt x 164.41385pt.
<bab4/Rekap Training/UNet/Nlm/1/loss_0,0070.png, id=1042, 409.7709pt x 328.8285
pt>
File: bab4/Rekap Training/UNet/Nlm/1/loss_0,0070.png Graphic file (type png)
<use bab4/Rekap Training/UNet/Nlm/1/loss_0,0070.png>
Package pdftex.def Info: bab4/Rekap Training/UNet/Nlm/1/loss_0,0070.png  used o
n input line 244.
(pdftex.def)             Requested size: 204.88495pt x 164.41385pt.

Overfull \hbox (47.4313pt too wide) in paragraph at lines 241--248
 [][] 
 []

[54 <./bab4/acc-nlm-unet.png> <./bab4/loss-nlm-unet.png> <./bab4/Rekap Training
/UNet/Nlm/1/acc_99,70923662185669.png> <./bab4/Rekap Training/UNet/Nlm/1/loss_0
,0070.png>]
<bab4/acc-ori-vggunet.png, id=1054, 416.2752pt x 328.8285pt>
File: bab4/acc-ori-vggunet.png Graphic file (type png)
<use bab4/acc-ori-vggunet.png>
Package pdftex.def Info: bab4/acc-ori-vggunet.png  used on input line 267.
(pdftex.def)             Requested size: 208.13708pt x 164.41385pt.
<bab4/loss-ori-vggunet.png, id=1055, 409.7709pt x 328.8285pt>
File: bab4/loss-ori-vggunet.png Graphic file (type png)
<use bab4/loss-ori-vggunet.png>
Package pdftex.def Info: bab4/loss-ori-vggunet.png  used on input line 268.
(pdftex.def)             Requested size: 204.88495pt x 164.41385pt.

Overfull \hbox (50.68344pt too wide) in paragraph at lines 265--272
 [][] 
 []

<bab4/Rekap Training/VGG16-UNet/Ori/5/acc_99,71024990081787.png, id=1057, 416.2
752pt x 328.8285pt>
File: bab4/Rekap Training/VGG16-UNet/Ori/5/acc_99,71024990081787.png Graphic fi
le (type png)
<use bab4/Rekap Training/VGG16-UNet/Ori/5/acc_99,71024990081787.png>
Package pdftex.def Info: bab4/Rekap Training/VGG16-UNet/Ori/5/acc_99,7102499008
1787.png  used on input line 284.
(pdftex.def)             Requested size: 208.13708pt x 164.41385pt.
<bab4/Rekap Training/VGG16-UNet/Ori/5/loss_0,0089.png, id=1058, 409.7709pt x 32
8.8285pt>
File: bab4/Rekap Training/VGG16-UNet/Ori/5/loss_0,0089.png Graphic file (type p
ng)
<use bab4/Rekap Training/VGG16-UNet/Ori/5/loss_0,0089.png>
Package pdftex.def Info: bab4/Rekap Training/VGG16-UNet/Ori/5/loss_0,0089.png  
used on input line 285.
(pdftex.def)             Requested size: 204.88495pt x 164.41385pt.

Overfull \hbox (50.68344pt too wide) in paragraph at lines 282--289
 [][] 
 []

[55 <./bab4/acc-ori-vggunet.png> <./bab4/loss-ori-vggunet.png>]
<bab4/acc-gaussian-vggunet.png, id=1066, 416.2752pt x 328.8285pt>
File: bab4/acc-gaussian-vggunet.png Graphic file (type png)
<use bab4/acc-gaussian-vggunet.png>
Package pdftex.def Info: bab4/acc-gaussian-vggunet.png  used on input line 302.

(pdftex.def)             Requested size: 208.13708pt x 164.41385pt.
<bab4/loss-gaussian-vggunet.png, id=1067, 409.7709pt x 328.8285pt>
File: bab4/loss-gaussian-vggunet.png Graphic file (type png)
<use bab4/loss-gaussian-vggunet.png>
Package pdftex.def Info: bab4/loss-gaussian-vggunet.png  used on input line 303
.
(pdftex.def)             Requested size: 204.88495pt x 164.41385pt.

Overfull \hbox (50.68344pt too wide) in paragraph at lines 300--307
 [][] 
 []

[56 <./bab4/Rekap Training/VGG16-UNet/Ori/5/acc_99,71024990081787.png> <./bab4/
Rekap Training/VGG16-UNet/Ori/5/loss_0,0089.png>]
<bab4/Rekap Training/VGG16-UNet/gaussian/3/acc_99,63209629058838.png, id=1076, 
416.2752pt x 328.8285pt>
File: bab4/Rekap Training/VGG16-UNet/gaussian/3/acc_99,63209629058838.png Graph
ic file (type png)
<use bab4/Rekap Training/VGG16-UNet/gaussian/3/acc_99,63209629058838.png>
Package pdftex.def Info: bab4/Rekap Training/VGG16-UNet/gaussian/3/acc_99,63209
629058838.png  used on input line 318.
(pdftex.def)             Requested size: 208.13708pt x 164.41385pt.
<bab4/Rekap Training/VGG16-UNet/gaussian/3/loss_0,0098.png, id=1077, 409.7709pt
 x 328.8285pt>
File: bab4/Rekap Training/VGG16-UNet/gaussian/3/loss_0,0098.png Graphic file (t
ype png)
<use bab4/Rekap Training/VGG16-UNet/gaussian/3/loss_0,0098.png>
Package pdftex.def Info: bab4/Rekap Training/VGG16-UNet/gaussian/3/loss_0,0098.
png  used on input line 319.
(pdftex.def)             Requested size: 204.88495pt x 164.41385pt.

Overfull \hbox (50.68344pt too wide) in paragraph at lines 316--323
 [][] 
 []

[57 <./bab4/acc-gaussian-vggunet.png> <./bab4/loss-gaussian-vggunet.png> <./bab
4/Rekap Training/VGG16-UNet/gaussian/3/acc_99,63209629058838.png> <./bab4/Rekap
 Training/VGG16-UNet/gaussian/3/loss_0,0098.png>]
<bab4/acc-median-vggunet.png, id=1089, 416.2752pt x 328.8285pt>
File: bab4/acc-median-vggunet.png Graphic file (type png)
<use bab4/acc-median-vggunet.png>
Package pdftex.def Info: bab4/acc-median-vggunet.png  used on input line 336.
(pdftex.def)             Requested size: 208.13708pt x 164.41385pt.
<bab4/loss-median-vggunet.png, id=1090, 409.7709pt x 328.8285pt>
File: bab4/loss-median-vggunet.png Graphic file (type png)
<use bab4/loss-median-vggunet.png>
Package pdftex.def Info: bab4/loss-median-vggunet.png  used on input line 337.
(pdftex.def)             Requested size: 204.88495pt x 164.41385pt.

Overfull \hbox (50.68344pt too wide) in paragraph at lines 334--341
 [][] 
 []

<bab4/Rekap Training/VGG16-UNet/median/3/acc_99,74772334098816.png, id=1092, 40
9.7709pt x 328.8285pt>
File: bab4/Rekap Training/VGG16-UNet/median/3/acc_99,74772334098816.png Graphic
 file (type png)
<use bab4/Rekap Training/VGG16-UNet/median/3/acc_99,74772334098816.png>
Package pdftex.def Info: bab4/Rekap Training/VGG16-UNet/median/3/acc_99,7477233
4098816.png  used on input line 353.
(pdftex.def)             Requested size: 204.88495pt x 164.41385pt.
<bab4/Rekap Training/VGG16-UNet/median/3/loss_0,0101.png, id=1093, 409.7709pt x
 328.8285pt>
File: bab4/Rekap Training/VGG16-UNet/median/3/loss_0,0101.png Graphic file (typ
e png)
<use bab4/Rekap Training/VGG16-UNet/median/3/loss_0,0101.png>
Package pdftex.def Info: bab4/Rekap Training/VGG16-UNet/median/3/loss_0,0101.pn
g  used on input line 354.
(pdftex.def)             Requested size: 204.88495pt x 164.41385pt.

Overfull \hbox (47.4313pt too wide) in paragraph at lines 351--358
 [][] 
 []

[58 <./bab4/acc-median-vggunet.png> <./bab4/loss-median-vggunet.png>]
<bab4/acc-mean-vggunet.png, id=1101, 416.2752pt x 328.8285pt>
File: bab4/acc-mean-vggunet.png Graphic file (type png)
<use bab4/acc-mean-vggunet.png>
Package pdftex.def Info: bab4/acc-mean-vggunet.png  used on input line 372.
(pdftex.def)             Requested size: 208.13708pt x 164.41385pt.
<bab4/loss-mean-vggunet.png, id=1102, 409.7709pt x 328.8285pt>
File: bab4/loss-mean-vggunet.png Graphic file (type png)
<use bab4/loss-mean-vggunet.png>
Package pdftex.def Info: bab4/loss-mean-vggunet.png  used on input line 373.
(pdftex.def)             Requested size: 204.88495pt x 164.41385pt.

Overfull \hbox (50.68344pt too wide) in paragraph at lines 370--377
 [][] 
 []

[59 <./bab4/Rekap Training/VGG16-UNet/median/3/acc_99,74772334098816.png> <./ba
b4/Rekap Training/VGG16-UNet/median/3/loss_0,0101.png>]
<bab4/Rekap Training/VGG16-UNet/mean/4/acc_99,74551796913147.png, id=1111, 409.
7709pt x 328.8285pt>
File: bab4/Rekap Training/VGG16-UNet/mean/4/acc_99,74551796913147.png Graphic f
ile (type png)
<use bab4/Rekap Training/VGG16-UNet/mean/4/acc_99,74551796913147.png>
Package pdftex.def Info: bab4/Rekap Training/VGG16-UNet/mean/4/acc_99,745517969
13147.png  used on input line 389.
(pdftex.def)             Requested size: 204.88495pt x 164.41385pt.
<bab4/Rekap Training/VGG16-UNet/mean/4/loss_0,0098.png, id=1112, 409.7709pt x 3
28.8285pt>
File: bab4/Rekap Training/VGG16-UNet/mean/4/loss_0,0098.png Graphic file (type 
png)
<use bab4/Rekap Training/VGG16-UNet/mean/4/loss_0,0098.png>
Package pdftex.def Info: bab4/Rekap Training/VGG16-UNet/mean/4/loss_0,0098.png 
 used on input line 390.
(pdftex.def)             Requested size: 204.88495pt x 164.41385pt.

Overfull \hbox (47.4313pt too wide) in paragraph at lines 387--394
 [][] 
 []

[60 <./bab4/acc-mean-vggunet.png> <./bab4/loss-mean-vggunet.png> <./bab4/Rekap 
Training/VGG16-UNet/mean/4/acc_99,74551796913147.png> <./bab4/Rekap Training/VG
G16-UNet/mean/4/loss_0,0098.png>]
<bab4/acc-bilateral-vggunet.png, id=1123, 416.2752pt x 328.8285pt>
File: bab4/acc-bilateral-vggunet.png Graphic file (type png)
<use bab4/acc-bilateral-vggunet.png>
Package pdftex.def Info: bab4/acc-bilateral-vggunet.png  used on input line 408
.
(pdftex.def)             Requested size: 208.13708pt x 164.41385pt.
<bab4/loss-bilateral-vggunet.png, id=1124, 409.7709pt x 328.8285pt>
File: bab4/loss-bilateral-vggunet.png Graphic file (type png)
<use bab4/loss-bilateral-vggunet.png>
Package pdftex.def Info: bab4/loss-bilateral-vggunet.png  used on input line 40
9.
(pdftex.def)             Requested size: 204.88495pt x 164.41385pt.

Overfull \hbox (50.68344pt too wide) in paragraph at lines 406--413
 [][] 
 []

<bab4/Rekap Training/VGG16-UNet/bilateral/4/acc_99,64480996131897.png, id=1126,
 409.7709pt x 328.8285pt>
File: bab4/Rekap Training/VGG16-UNet/bilateral/4/acc_99,64480996131897.png Grap
hic file (type png)
<use bab4/Rekap Training/VGG16-UNet/bilateral/4/acc_99,64480996131897.png>
Package pdftex.def Info: bab4/Rekap Training/VGG16-UNet/bilateral/4/acc_99,6448
0996131897.png  used on input line 425.
(pdftex.def)             Requested size: 204.88495pt x 164.41385pt.
<bab4/Rekap Training/VGG16-UNet/bilateral/4/loss_0,0125.png, id=1127, 400.3758p
t x 328.8285pt>
File: bab4/Rekap Training/VGG16-UNet/bilateral/4/loss_0,0125.png Graphic file (
type png)
<use bab4/Rekap Training/VGG16-UNet/bilateral/4/loss_0,0125.png>
Package pdftex.def Info: bab4/Rekap Training/VGG16-UNet/bilateral/4/loss_0,0125
.png  used on input line 426.
(pdftex.def)             Requested size: 200.1874pt x 164.41385pt.

Overfull \hbox (42.73375pt too wide) in paragraph at lines 423--430
 [][] 
 []

[61 <./bab4/acc-bilateral-vggunet.png> <./bab4/loss-bilateral-vggunet.png>]
<bab4/acc-nlm-vggunet.png, id=1135, 416.2752pt x 328.8285pt>
File: bab4/acc-nlm-vggunet.png Graphic file (type png)
<use bab4/acc-nlm-vggunet.png>
Package pdftex.def Info: bab4/acc-nlm-vggunet.png  used on input line 444.
(pdftex.def)             Requested size: 208.13708pt x 164.41385pt.
<bab4/loss-nlm-vggunet.png, id=1136, 416.2752pt x 328.8285pt>
File: bab4/loss-nlm-vggunet.png Graphic file (type png)
<use bab4/loss-nlm-vggunet.png>
Package pdftex.def Info: bab4/loss-nlm-vggunet.png  used on input line 445.
(pdftex.def)             Requested size: 208.13708pt x 164.41385pt.

Overfull \hbox (53.93558pt too wide) in paragraph at lines 442--449
 [][] 
 []

[62 <./bab4/Rekap Training/VGG16-UNet/bilateral/4/acc_99,64480996131897.png> <.
/bab4/Rekap Training/VGG16-UNet/bilateral/4/loss_0,0125.png>]
<bab4/Rekap Training/VGG16-UNet/nlm/3/acc_99,69685673713684.png, id=1145, 409.7
709pt x 328.8285pt>
File: bab4/Rekap Training/VGG16-UNet/nlm/3/acc_99,69685673713684.png Graphic fi
le (type png)
<use bab4/Rekap Training/VGG16-UNet/nlm/3/acc_99,69685673713684.png>
Package pdftex.def Info: bab4/Rekap Training/VGG16-UNet/nlm/3/acc_99,6968567371
3684.png  used on input line 461.
(pdftex.def)             Requested size: 204.88495pt x 164.41385pt.
<bab4/Rekap Training/VGG16-UNet/nlm/3/loss_0,0106.png, id=1146, 409.7709pt x 32
8.8285pt>
File: bab4/Rekap Training/VGG16-UNet/nlm/3/loss_0,0106.png Graphic file (type p
ng)
<use bab4/Rekap Training/VGG16-UNet/nlm/3/loss_0,0106.png>
Package pdftex.def Info: bab4/Rekap Training/VGG16-UNet/nlm/3/loss_0,0106.png  
used on input line 462.
(pdftex.def)             Requested size: 204.88495pt x 164.41385pt.

Overfull \hbox (47.4313pt too wide) in paragraph at lines 459--466
 [][] 
 []


Underfull \vbox (badness 10000) has occurred while \output is active []

 [63 <./bab4/acc-nlm-vggunet.png> <./bab4/loss-nlm-vggunet.png> <./bab4/Rekap T
raining/VGG16-UNet/nlm/3/acc_99,69685673713684.png> <./bab4/Rekap Training/VGG1
6-UNet/nlm/3/loss_0,0106.png>]
Underfull \vbox (badness 10000) has occurred while \output is active []

 [64]
Underfull \vbox (badness 10000) has occurred while \output is active []

 [65]
Underfull \vbox (badness 10000) has occurred while \output is active []

 [66]
[67]
<bab4/Predict_dvt/Predict_dvt-1.png, id=1175, 542.025pt x 963.72044pt>
File: bab4/Predict_dvt/Predict_dvt-1.png Graphic file (type png)
<use bab4/Predict_dvt/Predict_dvt-1.png>
Package pdftex.def Info: bab4/Predict_dvt/Predict_dvt-1.png  used on input line
 530.
(pdftex.def)             Requested size: 216.80615pt x 385.48135pt.
 [68 <./bab4/Predict_dvt/Predict_dvt-1.png>]
<bab4/result-segmentation_rekonstruksi/result-segmentation_rekonstruksi-1.png, 
id=1182, 542.025pt x 963.72044pt>
File: bab4/result-segmentation_rekonstruksi/result-segmentation_rekonstruksi-1.
png Graphic file (type png)
<use bab4/result-segmentation_rekonstruksi/result-segmentation_rekonstruksi-1.p
ng>
Package pdftex.def Info: bab4/result-segmentation_rekonstruksi/result-segmentat
ion_rekonstruksi-1.png  used on input line 540.
(pdftex.def)             Requested size: 216.80615pt x 385.48135pt.
 [69 <./bab4/result-segmentation_rekonstruksi/result-segmentation_rekonstruksi-
1.png>]
<bab4/segmentasi 3D/acc_99,10783767700195.png, id=1190, 416.2752pt x 328.8285pt
>
File: bab4/segmentasi 3D/acc_99,10783767700195.png Graphic file (type png)
<use bab4/segmentasi 3D/acc_99,10783767700195.png>
Package pdftex.def Info: bab4/segmentasi 3D/acc_99,10783767700195.png  used on 
input line 572.
(pdftex.def)             Requested size: 208.13708pt x 164.41385pt.
<bab4/segmentasi 3D/loss_0,0208.png, id=1191, 416.2752pt x 328.8285pt>
File: bab4/segmentasi 3D/loss_0,0208.png Graphic file (type png)
<use bab4/segmentasi 3D/loss_0,0208.png>
Package pdftex.def Info: bab4/segmentasi 3D/loss_0,0208.png  used on input line
 573.
(pdftex.def)             Requested size: 208.13708pt x 164.41385pt.

Overfull \hbox (53.93558pt too wide) in paragraph at lines 570--577
 [][] 
 []


Underfull \vbox (badness 10000) has occurred while \output is active []

 [70 <./bab4/segmentasi 3D/acc_99,10783767700195.png> <./bab4/segmentasi 3D/los
s_0,0208.png>]
<bab4/segmentasi 3D/predict_segmentasi3d.png, id=1201, 1332.98pt x 2364.835pt>
File: bab4/segmentasi 3D/predict_segmentasi3d.png Graphic file (type png)
<use bab4/segmentasi 3D/predict_segmentasi3d.png>
Package pdftex.def Info: bab4/segmentasi 3D/predict_segmentasi3d.png  used on i
nput line 616.
(pdftex.def)             Requested size: 266.59128pt x 472.95863pt.
 [71]
<bab4/segmentasi 3D/data_test_1.png, id=1206, 268.00125pt x 386.94562pt>
File: bab4/segmentasi 3D/data_test_1.png Graphic file (type png)
<use bab4/segmentasi 3D/data_test_1.png>
Package pdftex.def Info: bab4/segmentasi 3D/data_test_1.png  used on input line
 627.
(pdftex.def)             Requested size: 119.50279pt x 172.53566pt.
<bab4/segmentasi 3D/data_test_2.png, id=1207, 328.97906pt x 368.87813pt>
File: bab4/segmentasi 3D/data_test_2.png Graphic file (type png)
<use bab4/segmentasi 3D/data_test_2.png>
Package pdftex.def Info: bab4/segmentasi 3D/data_test_2.png  used on input line
 628.
(pdftex.def)             Requested size: 119.50279pt x 133.9949pt.
<bab4/segmentasi 3D/data_test_3.png, id=1208, 350.05782pt x 405.01312pt>
File: bab4/segmentasi 3D/data_test_3.png Graphic file (type png)
<use bab4/segmentasi 3D/data_test_3.png>
Package pdftex.def Info: bab4/segmentasi 3D/data_test_3.png  used on input line
 631.
(pdftex.def)             Requested size: 119.50279pt x 138.25883pt.
<bab4/segmentasi 3D/data_test_4.png, id=1209, 310.15875pt x 363.60844pt>
File: bab4/segmentasi 3D/data_test_4.png Graphic file (type png)
<use bab4/segmentasi 3D/data_test_4.png>
Package pdftex.def Info: bab4/segmentasi 3D/data_test_4.png  used on input line
 632.
(pdftex.def)             Requested size: 119.50279pt x 140.09232pt.

Underfull \vbox (badness 10000) has occurred while \output is active []

 [72 <./bab4/segmentasi 3D/predict_segmentasi3d.png>]) [73 <./bab4/segmentasi 3
D/data_test_1.png> <./bab4/segmentasi 3D/data_test_2.png> <./bab4/segmentasi 3D
/data_test_3.png> <./bab4/segmentasi 3D/data_test_4.png>] [74

] (bab5/bab5.tex
Bab 5.
)
Underfull \vbox (badness 10000) has occurred while \output is active []

 [75

]
[76]
! Missing } inserted.
<inserted text> 
                }
l.149 \end{spacing}
                   
I've inserted something that you may have forgotten.
(See the <inserted text> above.)
With luck, this will get me unwedged. But if you
really didn't forget anything, try typing `2' now; then
my insertion and my current dilemma will both disappear.

(lib/formatbibliography.tex (Template Disertasi-Tesis-Proposal Elektro ITS.bbl
(Template Disertasi-Tesis-Proposal Elektro ITS.brf)
\tf@brf=\write8
\openout8 = `"Template Disertasi-Tesis-Proposal Elektro ITS.brf"'.

 [77


]
Underfull \hbox (badness 5288) in paragraph at lines 110--110
[]\OT1/cmr/m/n/12 Convolutional ne-u-ral ne-tworks, expla-i-ned. [Onli-
 []


Underfull \hbox (badness 10000) in paragraph at lines 110--110
\OT1/cmr/m/n/12 ne]. Ava-i-la-ble: []$https : / / towardsdatascience . com /
 []

) [78]) (lib/formatCV.tex (ubah/DaftarRiwayatHidup.tex
<./ubah/3-Pas_Foto_dhani.jpg, id=1247, 355.3275pt x 473.77pt>
File: ./ubah/3-Pas_Foto_dhani.jpg Graphic file (type jpg)
<use ./ubah/3-Pas_Foto_dhani.jpg>
Package pdftex.def Info: ./ubah/3-Pas_Foto_dhani.jpg  used on input line 5.
(pdftex.def)             Requested size: 99.01389pt x 132.01877pt.

Overfull \hbox (5.1206pt too wide) in paragraph at lines 9--22
[][] 
 []


Overfull \hbox (5.1206pt too wide) in paragraph at lines 24--45
[][] 
 []

[79


 <./ubah/3-Pas_Foto_dhani.jpg>]) [80])

! LaTeX Error: \begin{enumerate} on input line 49 ended by \end{document}.

See the LaTeX manual or LaTeX Companion for explanation.
Type  H <return>  for immediate help.
 ...                                              
                                                  
l.154 \end{document}
                    
Your command was ignored.
Type  I <command> <return>  to replace it with another command,
or  <return>  to continue without it.

(Template Disertasi-Tesis-Proposal Elektro ITS.aux)
 ***********
LaTeX2e <2023-06-01>
L3 programming layer <2023-06-05>
 ***********


LaTeX Warning: Label(s) may have changed. Rerun to get cross-references right.

Package rerunfilecheck Info: File `"Template Disertasi-Tesis-Proposal Elektro I
TS".out' has not changed.
(rerunfilecheck)             Checksum: 5A2CE7874E4489D277CD67BED5704A6D;10669.
Package rerunfilecheck Info: File `"Template Disertasi-Tesis-Proposal Elektro I
TS".brf' has not changed.
(rerunfilecheck)             Checksum: CA3C1FAD66409AFB6E237A751D6A3E86;1166.
 )
(\end occurred inside a group at level 1)

### semi simple group (level 1) entered at line 49 (\begingroup)
### bottom level 
Here is how much of TeX's memory you used:
 22458 strings out of 476048
 392519 string characters out of 5780228
 1908753 words of memory out of 5000000
 42424 multiletter control sequences out of 15000+600000
 523876 words of font info for 68 fonts, out of 8000000 for 9000
 1147 hyphenation exceptions out of 8191
 84i,19n,96p,2190b,1120s stack positions out of 10000i,1000n,20000p,200000b,200000s
<C:/Users/ramad/AppData/Local/Programs/MiKTeX/fonts/type1/publi
c/amsfonts/cm/cmbx10.pfb><C:/Users/ramad/AppData/Local/Programs/MiKTeX/fonts/ty
pe1/public/amsfonts/cm/cmbx12.pfb><C:/Users/ramad/AppData/Local/Programs/MiKTeX
/fonts/type1/public/amsfonts/cm/cmbxti10.pfb><C:/Users/ramad/AppData/Local/Prog
rams/MiKTeX/fonts/type1/public/amsfonts/cm/cmex10.pfb><C:/Users/ramad/AppData/L
ocal/Programs/MiKTeX/fonts/type1/public/amsfonts/cm/cmmi12.pfb><C:/Users/ramad/
AppData/Local/Programs/MiKTeX/fonts/type1/public/amsfonts/cm/cmmi6.pfb><C:/User
s/ramad/AppData/Local/Programs/MiKTeX/fonts/type1/public/amsfonts/cm/cmmi8.pfb>
<C:/Users/ramad/AppData/Local/Programs/MiKTeX/fonts/type1/public/amsfonts/cm/cm
r10.pfb><C:/Users/ramad/AppData/Local/Programs/MiKTeX/fonts/type1/public/amsfon
ts/cm/cmr12.pfb><C:/Users/ramad/AppData/Local/Programs/MiKTeX/fonts/type1/publi
c/amsfonts/cm/cmr6.pfb><C:/Users/ramad/AppData/Local/Programs/MiKTeX/fonts/type
1/public/amsfonts/cm/cmr8.pfb><C:/Users/ramad/AppData/Local/Programs/MiKTeX/fon
ts/type1/public/amsfonts/cm/cmss12.pfb><C:/Users/ramad/AppData/Local/Programs/M
iKTeX/fonts/type1/public/amsfonts/cm/cmssbx10.pfb><C:/Users/ramad/AppData/Local
/Programs/MiKTeX/fonts/type1/public/amsfonts/cm/cmsy10.pfb><C:/Users/ramad/AppD
ata/Local/Programs/MiKTeX/fonts/type1/public/amsfonts/cm/cmsy6.pfb><C:/Users/ra
mad/AppData/Local/Programs/MiKTeX/fonts/type1/public/amsfonts/cm/cmsy8.pfb><C:/
Users/ramad/AppData/Local/Programs/MiKTeX/fonts/type1/public/amsfonts/cm/cmti10
.pfb><C:/Users/ramad/AppData/Local/Programs/MiKTeX/fonts/type1/public/amsfonts/
cm/cmti12.pfb>
Output written on "Template Disertasi-Tesis-Proposal Elektro ITS.pdf" (102 page
s, 8406399 bytes).
PDF statistics:
 1401 PDF objects out of 1440 (max. 8388607)
 299 named destinations out of 1000 (max. 500000)
 909 words of extra memory for PDF output out of 10000 (max. 10000000)

